[15/05/15 12:15:33:033 CEST]  INFO log4j.Logger: New driver instantiated
[15/05/15 12:15:33:033 CEST]  INFO log4j.Logger: MAC
[15/05/15 12:15:33:033 CEST]  INFO log4j.Logger: Firefox
[15/05/15 12:15:43:043 CEST]  INFO log4j.Logger: Firefoxdriver initialized with eventListeners
[15/05/15 12:15:45:045 CEST]  INFO log4j.Logger: The execution of testSignInSuccess starts now
[15/05/15 12:16:07:007 CEST]  INFO log4j.Logger: http://huvip.hbogo.eu/group/offers
[15/05/15 12:16:07:007 CEST]  INFO log4j.Logger: Element found:By.id: headerButtonLogin
[15/05/15 12:16:07:007 CEST]  INFO log4j.Logger: By.id: headerButtonLogin
[15/05/15 12:16:07:007 CEST]  INFO log4j.Logger: Element found:By.id: headerButtonLogin
[15/05/15 12:16:07:007 CEST]  INFO log4j.Logger: Element clicked on:[[FirefoxDriver: firefox on MAC (eba97abf-4571-ff47-b6f0-60aabaa2172a)] -> id: headerButtonLogin]
[15/05/15 12:16:08:008 CEST]  INFO log4j.Logger: Element found:By.id: OperatorId
[15/05/15 12:16:08:008 CEST]  INFO log4j.Logger: By.id: OperatorId
[15/05/15 12:16:08:008 CEST]  INFO log4j.Logger: Element found:By.id: OperatorId
[15/05/15 12:16:08:008 CEST]  INFO log4j.Logger: Element clicked on:[[FirefoxDriver: firefox on MAC (eba97abf-4571-ff47-b6f0-60aabaa2172a)] -> id: OperatorId]
[15/05/15 12:24:37:037 CEST]  INFO log4j.Logger: New driver instantiated
[15/05/15 12:24:37:037 CEST]  INFO log4j.Logger: MAC
[15/05/15 12:24:37:037 CEST]  INFO log4j.Logger: Firefox
[15/05/15 12:24:51:051 CEST]  INFO log4j.Logger: Firefoxdriver initialized with eventListeners
[15/05/15 12:24:55:055 CEST]  INFO log4j.Logger: 08S01
[15/05/15 12:24:55:055 CEST]  INFO log4j.Logger: The execution of testSignInSuccess starts now
[15/05/15 12:24:55:055 CEST]  INFO log4j.Logger: emailis missing!
[15/05/15 12:24:55:055 CEST]  INFO log4j.Logger: passwordis missing!
[15/05/15 12:25:06:006 CEST]  INFO log4j.Logger: http://huvip.hbogo.eu/group/offers
[15/05/15 12:25:06:006 CEST]  INFO log4j.Logger: Element found:By.id: headerButtonLogin
[15/05/15 12:25:06:006 CEST]  INFO log4j.Logger: By.id: headerButtonLogin
[15/05/15 12:25:06:006 CEST]  INFO log4j.Logger: Element found:By.id: headerButtonLogin
[15/05/15 12:25:07:007 CEST]  INFO log4j.Logger: Element clicked on:[[FirefoxDriver: firefox on MAC (31ffe49c-63f9-2544-aa29-dcd5af0877a9)] -> id: headerButtonLogin]
[15/05/15 12:25:11:011 CEST]  INFO log4j.Logger: [org.openqa.selenium.remote.UnreachableBrowserException: Error communicating with the remote browser. It may have died.
Build info: version: '2.45.0', revision: '5017cb8', time: '2015-02-27 00:00:10'
System info: host: 'Dorian-Dikhazis-MacBook.local', ip: '192.168.1.105', os.name: 'Mac OS X', os.arch: 'x86_64', os.version: '10.10.2', java.version: '1.8.0_31'
Driver info: driver.version: EventFiringWebDriver]
org.openqa.selenium.remote.UnreachableBrowserException: Error communicating with the remote browser. It may have died.
Build info: version: '2.45.0', revision: '5017cb8', time: '2015-02-27 00:00:10'
System info: host: 'Dorian-Dikhazis-MacBook.local', ip: '192.168.1.105', os.name: 'Mac OS X', os.arch: 'x86_64', os.version: '10.10.2', java.version: '1.8.0_31'
Driver info: driver.version: EventFiringWebDriver
	at org.openqa.selenium.remote.RemoteWebDriver.execute(RemoteWebDriver.java:593)
	at org.openqa.selenium.remote.RemoteWebDriver.findElement(RemoteWebDriver.java:352)
	at org.openqa.selenium.remote.RemoteWebDriver.findElementById(RemoteWebDriver.java:393)
	at org.openqa.selenium.By$ById.findElement(By.java:214)
	at org.openqa.selenium.remote.RemoteWebDriver.findElement(RemoteWebDriver.java:344)
	at sun.reflect.NativeMethodAccessorImpl.invoke0(Native Method)
	at sun.reflect.NativeMethodAccessorImpl.invoke(NativeMethodAccessorImpl.java:62)
	at sun.reflect.DelegatingMethodAccessorImpl.invoke(DelegatingMethodAccessorImpl.java:43)
	at java.lang.reflect.Method.invoke(Method.java:483)
	at org.openqa.selenium.support.events.EventFiringWebDriver$2.invoke(EventFiringWebDriver.java:101)
	at com.sun.proxy.$Proxy10.findElement(Unknown Source)
	at org.openqa.selenium.support.events.EventFiringWebDriver.findElement(EventFiringWebDriver.java:184)
	at sun.reflect.NativeMethodAccessorImpl.invoke0(Native Method)
	at sun.reflect.NativeMethodAccessorImpl.invoke(NativeMethodAccessorImpl.java:62)
	at sun.reflect.DelegatingMethodAccessorImpl.invoke(DelegatingMethodAccessorImpl.java:43)
	at java.lang.reflect.Method.invoke(Method.java:483)
	at org.openqa.selenium.support.events.EventFiringWebDriver$2.invoke(EventFiringWebDriver.java:101)
	at com.sun.proxy.$Proxy11.findElement(Unknown Source)
	at org.openqa.selenium.support.events.EventFiringWebDriver.findElement(EventFiringWebDriver.java:184)
	at main.java.qa.framework.main.TestBase.isElementPresent(TestBase.java:309)
	at main.java.qa.framework.pageObjects.HboSignIn.selectOperator(HboSignIn.java:41)
	at test.java.TestPlayerSeries.testSignInSuccess(TestPlayerSeries.java:29)
	at sun.reflect.NativeMethodAccessorImpl.invoke0(Native Method)
	at sun.reflect.NativeMethodAccessorImpl.invoke(NativeMethodAccessorImpl.java:62)
	at sun.reflect.DelegatingMethodAccessorImpl.invoke(DelegatingMethodAccessorImpl.java:43)
	at java.lang.reflect.Method.invoke(Method.java:483)
	at org.testng.internal.MethodInvocationHelper.invokeMethod(MethodInvocationHelper.java:84)
	at org.testng.internal.Invoker.invokeMethod(Invoker.java:714)
	at org.testng.internal.Invoker.invokeTestMethod(Invoker.java:901)
	at org.testng.internal.Invoker.invokeTestMethods(Invoker.java:1231)
	at org.testng.internal.TestMethodWorker.invokeTestMethods(TestMethodWorker.java:127)
	at org.testng.internal.TestMethodWorker.run(TestMethodWorker.java:111)
	at org.testng.TestRunner.privateRun(TestRunner.java:767)
	at org.testng.TestRunner.run(TestRunner.java:617)
	at org.testng.SuiteRunner.runTest(SuiteRunner.java:334)
	at org.testng.SuiteRunner.runSequentially(SuiteRunner.java:329)
	at org.testng.SuiteRunner.privateRun(SuiteRunner.java:291)
	at org.testng.SuiteRunner.run(SuiteRunner.java:240)
	at org.testng.SuiteRunnerWorker.runSuite(SuiteRunnerWorker.java:52)
	at org.testng.SuiteRunnerWorker.run(SuiteRunnerWorker.java:86)
	at org.testng.TestNG.runSuitesSequentially(TestNG.java:1224)
	at org.testng.TestNG.runSuitesLocally(TestNG.java:1149)
	at org.testng.TestNG.run(TestNG.java:1057)
	at org.testng.remote.RemoteTestNG.run(RemoteTestNG.java:111)
	at org.testng.remote.RemoteTestNG.initAndRun(RemoteTestNG.java:204)
	at org.testng.remote.RemoteTestNG.main(RemoteTestNG.java:175)
Caused by: org.apache.http.conn.HttpHostConnectException: Connect to 127.0.0.1:7056 [/127.0.0.1] failed: Connection refused
	at org.apache.http.impl.conn.HttpClientConnectionOperator.connect(HttpClientConnectionOperator.java:142)
	at org.apache.http.impl.conn.PoolingHttpClientConnectionManager.connect(PoolingHttpClientConnectionManager.java:319)
	at org.apache.http.impl.execchain.MainClientExec.establishRoute(MainClientExec.java:363)
	at org.apache.http.impl.execchain.MainClientExec.execute(MainClientExec.java:219)
	at org.apache.http.impl.execchain.ProtocolExec.execute(ProtocolExec.java:195)
	at org.apache.http.impl.execchain.RetryExec.execute(RetryExec.java:86)
	at org.apache.http.impl.execchain.RedirectExec.execute(RedirectExec.java:108)
	at org.apache.http.impl.client.InternalHttpClient.doExecute(InternalHttpClient.java:184)
	at org.apache.http.impl.client.CloseableHttpClient.execute(CloseableHttpClient.java:72)
	at org.apache.http.impl.client.CloseableHttpClient.execute(CloseableHttpClient.java:57)
	at org.openqa.selenium.remote.internal.ApacheHttpClient.fallBackExecute(ApacheHttpClient.java:144)
	at org.openqa.selenium.remote.internal.ApacheHttpClient.execute(ApacheHttpClient.java:72)
	at org.openqa.selenium.remote.HttpCommandExecutor.execute(HttpCommandExecutor.java:133)
	at org.openqa.selenium.firefox.internal.NewProfileExtensionConnection.execute(NewProfileExtensionConnection.java:165)
	at org.openqa.selenium.firefox.FirefoxDriver$LazyCommandExecutor.execute(FirefoxDriver.java:362)
	at org.openqa.selenium.remote.RemoteWebDriver.execute(RemoteWebDriver.java:572)
	... 45 more
Caused by: java.net.ConnectException: Connection refused
	at java.net.PlainSocketImpl.socketConnect(Native Method)
	at java.net.AbstractPlainSocketImpl.doConnect(AbstractPlainSocketImpl.java:345)
	at java.net.AbstractPlainSocketImpl.connectToAddress(AbstractPlainSocketImpl.java:206)
	at java.net.AbstractPlainSocketImpl.connect(AbstractPlainSocketImpl.java:188)
	at java.net.SocksSocketImpl.connect(SocksSocketImpl.java:392)
	at java.net.Socket.connect(Socket.java:589)
	at org.apache.http.conn.socket.PlainConnectionSocketFactory.connectSocket(PlainConnectionSocketFactory.java:72)
	at org.apache.http.impl.conn.HttpClientConnectionOperator.connect(HttpClientConnectionOperator.java:125)
	... 60 more
[15/05/15 12:25:12:012 CEST]  INFO log4j.Logger: [org.openqa.selenium.remote.UnreachableBrowserException: Error communicating with the remote browser. It may have died.
Build info: version: '2.45.0', revision: '5017cb8', time: '2015-02-27 00:00:10'
System info: host: 'Dorian-Dikhazis-MacBook.local', ip: '192.168.1.105', os.name: 'Mac OS X', os.arch: 'x86_64', os.version: '10.10.2', java.version: '1.8.0_31'
Driver info: driver.version: EventFiringWebDriver, org.openqa.selenium.remote.UnreachableBrowserException: Error communicating with the remote browser. It may have died.
Build info: version: '2.45.0', revision: '5017cb8', time: '2015-02-27 00:00:10'
System info: host: 'Dorian-Dikhazis-MacBook.local', ip: '192.168.1.105', os.name: 'Mac OS X', os.arch: 'x86_64', os.version: '10.10.2', java.version: '1.8.0_31'
Driver info: driver.version: EventFiringWebDriver]
org.openqa.selenium.remote.UnreachableBrowserException: Error communicating with the remote browser. It may have died.
Build info: version: '2.45.0', revision: '5017cb8', time: '2015-02-27 00:00:10'
System info: host: 'Dorian-Dikhazis-MacBook.local', ip: '192.168.1.105', os.name: 'Mac OS X', os.arch: 'x86_64', os.version: '10.10.2', java.version: '1.8.0_31'
Driver info: driver.version: EventFiringWebDriver
	at org.openqa.selenium.remote.RemoteWebDriver.execute(RemoteWebDriver.java:593)
	at org.openqa.selenium.remote.RemoteWebDriver.findElement(RemoteWebDriver.java:352)
	at org.openqa.selenium.remote.RemoteWebDriver.findElementById(RemoteWebDriver.java:393)
	at org.openqa.selenium.By$ById.findElement(By.java:214)
	at org.openqa.selenium.remote.RemoteWebDriver.findElement(RemoteWebDriver.java:344)
	at sun.reflect.NativeMethodAccessorImpl.invoke0(Native Method)
	at sun.reflect.NativeMethodAccessorImpl.invoke(NativeMethodAccessorImpl.java:62)
	at sun.reflect.DelegatingMethodAccessorImpl.invoke(DelegatingMethodAccessorImpl.java:43)
	at java.lang.reflect.Method.invoke(Method.java:483)
	at org.openqa.selenium.support.events.EventFiringWebDriver$2.invoke(EventFiringWebDriver.java:101)
	at com.sun.proxy.$Proxy10.findElement(Unknown Source)
	at org.openqa.selenium.support.events.EventFiringWebDriver.findElement(EventFiringWebDriver.java:184)
	at sun.reflect.NativeMethodAccessorImpl.invoke0(Native Method)
	at sun.reflect.NativeMethodAccessorImpl.invoke(NativeMethodAccessorImpl.java:62)
	at sun.reflect.DelegatingMethodAccessorImpl.invoke(DelegatingMethodAccessorImpl.java:43)
	at java.lang.reflect.Method.invoke(Method.java:483)
	at org.openqa.selenium.support.events.EventFiringWebDriver$2.invoke(EventFiringWebDriver.java:101)
	at com.sun.proxy.$Proxy11.findElement(Unknown Source)
	at org.openqa.selenium.support.events.EventFiringWebDriver.findElement(EventFiringWebDriver.java:184)
	at main.java.qa.framework.main.TestBase.isElementPresent(TestBase.java:309)
	at main.java.qa.framework.pageObjects.HboSignIn.selectOperator(HboSignIn.java:41)
	at test.java.TestPlayerSeries.testSignInSuccess(TestPlayerSeries.java:29)
	at sun.reflect.NativeMethodAccessorImpl.invoke0(Native Method)
	at sun.reflect.NativeMethodAccessorImpl.invoke(NativeMethodAccessorImpl.java:62)
	at sun.reflect.DelegatingMethodAccessorImpl.invoke(DelegatingMethodAccessorImpl.java:43)
	at java.lang.reflect.Method.invoke(Method.java:483)
	at org.testng.internal.MethodInvocationHelper.invokeMethod(MethodInvocationHelper.java:84)
	at org.testng.internal.Invoker.invokeMethod(Invoker.java:714)
	at org.testng.internal.Invoker.invokeTestMethod(Invoker.java:901)
	at org.testng.internal.Invoker.invokeTestMethods(Invoker.java:1231)
	at org.testng.internal.TestMethodWorker.invokeTestMethods(TestMethodWorker.java:127)
	at org.testng.internal.TestMethodWorker.run(TestMethodWorker.java:111)
	at org.testng.TestRunner.privateRun(TestRunner.java:767)
	at org.testng.TestRunner.run(TestRunner.java:617)
	at org.testng.SuiteRunner.runTest(SuiteRunner.java:334)
	at org.testng.SuiteRunner.runSequentially(SuiteRunner.java:329)
	at org.testng.SuiteRunner.privateRun(SuiteRunner.java:291)
	at org.testng.SuiteRunner.run(SuiteRunner.java:240)
	at org.testng.SuiteRunnerWorker.runSuite(SuiteRunnerWorker.java:52)
	at org.testng.SuiteRunnerWorker.run(SuiteRunnerWorker.java:86)
	at org.testng.TestNG.runSuitesSequentially(TestNG.java:1224)
	at org.testng.TestNG.runSuitesLocally(TestNG.java:1149)
	at org.testng.TestNG.run(TestNG.java:1057)
	at org.testng.remote.RemoteTestNG.run(RemoteTestNG.java:111)
	at org.testng.remote.RemoteTestNG.initAndRun(RemoteTestNG.java:204)
	at org.testng.remote.RemoteTestNG.main(RemoteTestNG.java:175)
Caused by: org.apache.http.conn.HttpHostConnectException: Connect to 127.0.0.1:7056 [/127.0.0.1] failed: Connection refused
	at org.apache.http.impl.conn.HttpClientConnectionOperator.connect(HttpClientConnectionOperator.java:142)
	at org.apache.http.impl.conn.PoolingHttpClientConnectionManager.connect(PoolingHttpClientConnectionManager.java:319)
	at org.apache.http.impl.execchain.MainClientExec.establishRoute(MainClientExec.java:363)
	at org.apache.http.impl.execchain.MainClientExec.execute(MainClientExec.java:219)
	at org.apache.http.impl.execchain.ProtocolExec.execute(ProtocolExec.java:195)
	at org.apache.http.impl.execchain.RetryExec.execute(RetryExec.java:86)
	at org.apache.http.impl.execchain.RedirectExec.execute(RedirectExec.java:108)
	at org.apache.http.impl.client.InternalHttpClient.doExecute(InternalHttpClient.java:184)
	at org.apache.http.impl.client.CloseableHttpClient.execute(CloseableHttpClient.java:72)
	at org.apache.http.impl.client.CloseableHttpClient.execute(CloseableHttpClient.java:57)
	at org.openqa.selenium.remote.internal.ApacheHttpClient.fallBackExecute(ApacheHttpClient.java:126)
	at org.openqa.selenium.remote.internal.ApacheHttpClient.execute(ApacheHttpClient.java:72)
	at org.openqa.selenium.remote.HttpCommandExecutor.execute(HttpCommandExecutor.java:133)
	at org.openqa.selenium.firefox.internal.NewProfileExtensionConnection.execute(NewProfileExtensionConnection.java:165)
	at org.openqa.selenium.firefox.FirefoxDriver$LazyCommandExecutor.execute(FirefoxDriver.java:362)
	at org.openqa.selenium.remote.RemoteWebDriver.execute(RemoteWebDriver.java:572)
	... 45 more
Caused by: java.net.ConnectException: Connection refused
	at java.net.PlainSocketImpl.socketConnect(Native Method)
	at java.net.AbstractPlainSocketImpl.doConnect(AbstractPlainSocketImpl.java:345)
	at java.net.AbstractPlainSocketImpl.connectToAddress(AbstractPlainSocketImpl.java:206)
	at java.net.AbstractPlainSocketImpl.connect(AbstractPlainSocketImpl.java:188)
	at java.net.SocksSocketImpl.connect(SocksSocketImpl.java:392)
	at java.net.Socket.connect(Socket.java:589)
	at org.apache.http.conn.socket.PlainConnectionSocketFactory.connectSocket(PlainConnectionSocketFactory.java:72)
	at org.apache.http.impl.conn.HttpClientConnectionOperator.connect(HttpClientConnectionOperator.java:125)
	... 60 more
[15/05/15 02:08:37:037 CEST]  INFO log4j.Logger: New driver instantiated
[15/05/15 02:08:37:037 CEST]  INFO log4j.Logger: MAC
[15/05/15 02:08:37:037 CEST]  INFO log4j.Logger: Firefox
[15/05/15 02:46:23:023 CEST]  INFO log4j.Logger: New driver instantiated
[15/05/15 02:46:23:023 CEST]  INFO log4j.Logger: MAC
[15/05/15 02:46:23:023 CEST]  INFO log4j.Logger: Firefox
[15/05/15 03:20:29:029 CEST]  INFO log4j.Logger: New driver instantiated
[15/05/15 03:20:29:029 CEST]  INFO log4j.Logger: MAC
[15/05/15 03:20:29:029 CEST]  INFO log4j.Logger: Firefox
[15/05/15 06:38:41:041 CEST]  INFO log4j.Logger: New driver instantiated
[15/05/15 06:38:41:041 CEST]  INFO log4j.Logger: WIN8_1
[15/05/15 06:38:41:041 CEST]  INFO log4j.Logger: Firefox
[15/05/15 06:38:49:049 CEST]  INFO log4j.Logger: Firefoxdriver initialized with eventListeners
[15/05/15 06:38:52:052 CEST]  INFO log4j.Logger: MySql connection is true
[15/05/15 06:38:52:052 CEST]  INFO log4j.Logger: MySql connection is true
[15/05/15 06:38:52:052 CEST]  INFO log4j.Logger: .\src\main\scripts\create_db.sql (A rendszer nem talÃ¡lja a megadott elÃ©rÃ©si utat)
[15/05/15 06:38:52:052 CEST]  INFO log4j.Logger: The execution of testSignInSuccess starts now
[15/05/15 06:38:56:056 CEST]  INFO log4j.Logger: http://huvip.hbogo.eu/group/offers
[15/05/15 06:38:56:056 CEST]  INFO log4j.Logger: Element found:By.id: headerButtonLogin
[15/05/15 06:38:56:056 CEST]  INFO log4j.Logger: By.id: headerButtonLogin
[15/05/15 06:38:57:057 CEST]  INFO log4j.Logger: Element found:By.id: headerButtonLogin
[15/05/15 06:38:57:057 CEST]  INFO log4j.Logger: Element clicked on:[[FirefoxDriver: firefox on WINDOWS (f16f4872-4e72-4b8a-a4b0-9c4dddbcabe9)] -> id: headerButtonLogin]
[15/05/15 06:38:57:057 CEST]  INFO log4j.Logger: Element found:By.id: OperatorId
[15/05/15 06:38:57:057 CEST]  INFO log4j.Logger: By.id: OperatorId
[15/05/15 06:38:57:057 CEST]  INFO log4j.Logger: Element found:By.id: OperatorId
[15/05/15 06:38:57:057 CEST]  INFO log4j.Logger: Element clicked on:[[FirefoxDriver: firefox on WINDOWS (f16f4872-4e72-4b8a-a4b0-9c4dddbcabe9)] -> id: OperatorId]
[15/05/15 06:38:58:058 CEST]  INFO log4j.Logger: Element found:By.id: OperatorId_d4125db5-bc12-4ee4-b68f-0b39b5276659
[15/05/15 06:38:58:058 CEST]  INFO log4j.Logger: By.id: OperatorId_d4125db5-bc12-4ee4-b68f-0b39b5276659
[15/05/15 06:38:58:058 CEST]  INFO log4j.Logger: Element found:By.id: OperatorId_d4125db5-bc12-4ee4-b68f-0b39b5276659
[15/05/15 06:38:58:058 CEST]  INFO log4j.Logger: Element clicked on:[[FirefoxDriver: firefox on WINDOWS (f16f4872-4e72-4b8a-a4b0-9c4dddbcabe9)] -> id: OperatorId_d4125db5-bc12-4ee4-b68f-0b39b5276659]
[15/05/15 06:38:58:058 CEST]  INFO log4j.Logger: Element found:By.name: EmailAddress
[15/05/15 06:38:58:058 CEST]  INFO log4j.Logger: By.name: EmailAddress
[15/05/15 06:38:58:058 CEST]  INFO log4j.Logger: Element found:By.name: EmailAddress
[15/05/15 06:38:58:058 CEST]  INFO log4j.Logger: Element found:By.name: EmailAddress
[15/05/15 06:38:59:059 CEST]  INFO log4j.Logger: Element found:By.name: Password
[15/05/15 06:38:59:059 CEST]  INFO log4j.Logger: By.name: Password
[15/05/15 06:38:59:059 CEST]  INFO log4j.Logger: Element found:By.name: Password
[15/05/15 06:38:59:059 CEST]  INFO log4j.Logger: Element found:By.name: Password
[15/05/15 06:38:59:059 CEST]  INFO log4j.Logger: selectOperator is successful
[15/05/15 06:38:59:059 CEST]  INFO log4j.Logger: selectOperator test is done
[15/05/15 06:38:59:059 CEST]  INFO log4j.Logger: Element found:By.cssSelector: #sign-in-buttons > button.button_submit
[15/05/15 06:38:59:059 CEST]  INFO log4j.Logger: By.cssSelector: #sign-in-buttons > button.button_submit
[15/05/15 06:38:59:059 CEST]  INFO log4j.Logger: Element found:By.cssSelector: #sign-in-buttons > button.button_submit
[15/05/15 06:38:59:059 CEST]  INFO log4j.Logger: Element clicked on:[[FirefoxDriver: firefox on WINDOWS (f16f4872-4e72-4b8a-a4b0-9c4dddbcabe9)] -> css selector: #sign-in-buttons > button.button_submit]
[15/05/15 06:38:59:059 CEST]  INFO log4j.Logger: submit is successful
[15/05/15 06:39:03:003 CEST]  INFO log4j.Logger:  *** Capture files are created in C:\Users\igeorge1982\luna_workspace\Selenium_Testlink\test-output\html\ScreenShots\\
[15/05/15 06:39:03:003 CEST]  INFO log4j.Logger: Firefox-2015-4-15-18-39-2-772.png
[15/05/15 06:39:03:003 CEST]  INFO log4j.Logger: Test Status:Failed
[15/05/15 06:39:03:003 CEST]  INFO log4j.Logger: testSignInSuccess test failed!
[15/05/15 06:39:03:003 CEST]  INFO log4j.Logger: Test Status:Skipped
[15/05/15 06:39:03:003 CEST]  INFO log4j.Logger: testSelectContentsPlay was skipped!
[15/05/15 06:39:03:003 CEST]  INFO log4j.Logger: Driver closed afterInvocation
[15/05/15 06:43:07:007 CEST]  INFO log4j.Logger: New driver instantiated
[15/05/15 06:43:07:007 CEST]  INFO log4j.Logger: WIN8_1
[15/05/15 06:43:07:007 CEST]  INFO log4j.Logger: Firefox
[15/05/15 06:43:15:015 CEST]  INFO log4j.Logger: Firefoxdriver initialized with eventListeners
[15/05/15 06:43:19:019 CEST]  INFO log4j.Logger: MySql connection is true
[15/05/15 06:43:19:019 CEST]  INFO log4j.Logger: MySql connection is true
[15/05/15 06:43:19:019 CEST]  INFO log4j.Logger: .\src\main\scripts\create_db.sql (A rendszer nem találja a megadott elérési utat)
[15/05/15 06:43:19:019 CEST]  INFO log4j.Logger: The execution of testSelectContentsPlay starts now
[15/05/15 06:43:24:024 CEST]  INFO log4j.Logger: Element found:By.id: headerButtonMenu
[15/05/15 06:43:24:024 CEST]  INFO log4j.Logger: Element found:By.id: headerButtonMenu
[15/05/15 06:43:25:025 CEST]  INFO log4j.Logger: Element clicked on:[[FirefoxDriver: firefox on WINDOWS (07e61fcd-e6b9-467e-883c-df8e9e879048)] -> id: headerButtonMenu]
[15/05/15 06:43:25:025 CEST]  INFO log4j.Logger: Element found:By.id: categories_group_b84a7a5f-ff13-4854-956b-9bc1070457f1
[15/05/15 06:43:25:025 CEST]  INFO log4j.Logger: By.id: categories_group_b84a7a5f-ff13-4854-956b-9bc1070457f1
[15/05/15 06:43:25:025 CEST]  INFO log4j.Logger: Element found:By.id: menu
[15/05/15 06:43:25:025 CEST]  INFO log4j.Logger: Element found:By.tagName: a
[15/05/15 06:43:26:026 CEST]  INFO log4j.Logger: 
[15/05/15 06:43:30:030 CEST]  INFO log4j.Logger: Element clicked on:[[[[FirefoxDriver: firefox on WINDOWS (07e61fcd-e6b9-467e-883c-df8e9e879048)] -> id: menu]] -> tag name: a]
[15/05/15 06:43:33:033 CEST]  INFO log4j.Logger: Element found:By.id: normalView
[15/05/15 06:43:33:033 CEST]  INFO log4j.Logger: http://huvip.hbogo.eu/group/action,-adventure
[15/05/15 06:43:34:034 CEST]  INFO log4j.Logger: Element found:By.id: normalView
[15/05/15 06:43:34:034 CEST]  INFO log4j.Logger: Element found:By.tagName: a
