<?xml version="1.0" encoding="utf-8" ?>
<!DOCTYPE html PUBLIC "-//W3C//DTD XHTML 1.0 Strict//EN"
        "http://www.w3.org/TR/xhtml1/DTD/xhtml1-strict.dtd">
<html xmlns="http://www.w3.org/1999/xhtml" xml:lang="" lang="">
<head>
  <title>Test Results Report - Test on Firefox</title>
  <meta http-equiv="Content-Type" content="text/html;charset=utf-8" />
  <meta name="description" content="TestNG unit test results." />
  <link href="reportng.css" rel="stylesheet" type="text/css" />
    <script type="text/javascript" src="reportng.js"></script>
</head>
<body>
<h1>Test on Firefox</h1>
<p>
  Test duration: 141,167s
</p>



  <table class="resultsTable">
    <tr><th colspan="3" class="header failed">Failed Tests</th></tr>
          <tr>
        <td colspan="3" class="group">test.java.TestHboSignUp</td>
      </tr>
            
<tr>
  <td class="method">
                  testSignupFail
      </td>
  <td class="duration">
    54,434s
  </td>
  <td class="result">
        
    
            <div class="testOutput">
                        Found element:By.id: headerButtonLogin<br>
                                Found element:By.id: headerButtonLogin<br>
                                Clicked on:[[FirefoxDriver: firefox on MAC (30804499-55c3-7f41-9128-4ebd62a5f067)] -> id: headerButtonLogin]<br>
                                Found element:By.cssSelector: div.settings_description_white > #headerButtonLogin<br>
                                Found element:By.cssSelector: div.settings_description_white > #headerButtonLogin<br>
                                Clicked on:[[FirefoxDriver: firefox on MAC (30804499-55c3-7f41-9128-4ebd62a5f067)] -> css selector: div.settings_description_white > #headerButtonLogin]<br>
                                Found element:By.id: OperatorId<br>
                                Found element:By.id: OperatorId<br>
                                Clicked on:[[FirefoxDriver: firefox on MAC (30804499-55c3-7f41-9128-4ebd62a5f067)] -> id: OperatorId]<br>
                                Found element:By.id: OperatorId_f320aa2c-e40e-49c2-8cdd-1ebef2ac6f26<br>
                                Found element:By.id: OperatorId_f320aa2c-e40e-49c2-8cdd-1ebef2ac6f26<br>
                                Clicked on:[[FirefoxDriver: firefox on MAC (30804499-55c3-7f41-9128-4ebd62a5f067)] -> id: OperatorId_f320aa2c-e40e-49c2-8cdd-1ebef2ac6f26]<br>
                                Found element:By.name: SpecificData<br>
                                Found element:By.name: SpecificData<br>
                                Found element:By.name: SpecificData<br>
                                Found element:By.cssSelector: button.button_submit.next<br>
                                Found element:By.cssSelector: button.button_submit.next<br>
                                Clicked on:[[FirefoxDriver: firefox on MAC (30804499-55c3-7f41-9128-4ebd62a5f067)] -> css selector: button.button_submit.next]<br>
                                Found element:By.name: EmailAddress<br>
                                Found element:By.name: EmailAddress<br>
                                Found element:By.name: EmailAddress<br>
                                Found element:By.name: EmailAddressAgain<br>
                                Found element:By.name: EmailAddressAgain<br>
                                Found element:By.name: EmailAddressAgain<br>
                                Found element:By.name: Nick<br>
                                Found element:By.name: Nick<br>
                                Found element:By.name: Nick<br>
                                Found element:By.name: Password<br>
                                Found element:By.name: Password<br>
                                Found element:By.name: Password<br>
                                Found element:By.name: PasswordAgain<br>
                                Found element:By.name: PasswordAgain<br>
                                Found element:By.name: PasswordAgain<br>
                                Found element:By.id: Newsletter_theme<br>
                                Found element:By.id: Newsletter_theme<br>
                                Clicked on:[[FirefoxDriver: firefox on MAC (30804499-55c3-7f41-9128-4ebd62a5f067)] -> id: Newsletter_theme]<br>
                                Found element:By.id: Terms_theme<br>
                                Found element:By.id: Terms_theme<br>
                                Clicked on:[[FirefoxDriver: firefox on MAC (30804499-55c3-7f41-9128-4ebd62a5f067)] -> id: Terms_theme]<br>
                                Found element:By.cssSelector: button.button_submit.submit<br>
                                Clicked on:[[FirefoxDriver: firefox on MAC (30804499-55c3-7f41-9128-4ebd62a5f067)] -> css selector: button.button_submit.submit]<br>
                                <p>Az e-mail címek nem egyeznek<br></p>
                                Verify: the Valid Email error message displayed.<br>
                                Found element:By.id: Terms_theme<br>
                                Found element:By.xpath: .//*[@id='operatorTypeNormal']/div[2]<br>
                                <a href="/Users/georgegaspar/Documents/Tests/Firefox-2015-2-2-4-55-51-312.png"><p align="left"Element screenshot at Mon Mar 02 04:55:55 CET 2015</p>
                                <p><img width="50%" src="/Users/georgegaspar/Documents/Tests/Firefox-2015-2-2-4-55-51-312.png" alt="screenshot at Mon Mar 02 04:55:55 CET 2015"/></p></a><br />
                                Completed executing following method : TestHboSignUp.testSignupFail<br>
                                Completed executing following method : TestHboSignUp.testSignupFail<br>
                                Completed executing following method : TestHboSignUp.testSignupFail<br>
                                Completed executing following method : TestHboSignUp.testSignupFail<br>
                                Completed executing following method : TestHboSignUp.testSignupFail<br>
                                Completed executing following method : TestHboSignUp.testSignupFail<br>
                                Fuck<br>
                                <a href="/Users/georgegaspar/Documents/Tests/Firefox-testSignupFail(test.java.TestHboSignUp)-2015-2-2-4-55-55-748.png"><p align="left">Error screenshot at Mon Mar 02 04:55:57 CET 2015</p>
                                <p><img width="50%" src="/Users/georgegaspar/Documents/Tests/Firefox-testSignupFail(test.java.TestHboSignUp)-2015-2-2-4-55-55-748.png" alt="screenshot at Mon Mar 02 04:55:57 CET 2015"/></p></a><br />
                                Test Method resides in test.java.TestHboSignUp<br>
                                <p>Test Status: </p><p>Failed</p>
                  </div>
    

        <a href="javascript:toggleElement('exception-0', 'block')" title="Click to expand/collapse"><b>java.lang.Throwable: Multiple failures (3)<br/>
(1)java.lang.AssertionError:expected [true] but found [false]<br/>
(2)java.lang.Throwable:Multiple failures (1)<br/>
(1)java.lang.AssertionError:expected [true] but found [false]<br/>
<br/>
Failure 1 of 1<br/>
<br/>
(3)java.lang.Throwable:Multiple failures (2)<br/>
(1)java.lang.AssertionError:expected [true] but found [false]<br/>
(2)java.lang.Throwable:Multiple failures (1)<br/>
(1)java.lang.AssertionError:expected [true] but found [false]<br/>
<br/>
Failure 1 of 1<br/>
<br/>
<br/>
Failure 1 of 2<br/>
java.lang.AssertionError: expected [true] but found [false]<br/>
	at org.testng.Assert.fail(Assert.java:94)<br/>
	at org.testng.Assert.failNotEquals(Assert.java:494)<br/>
	at org.testng.Assert.assertTrue(Assert.java:42)<br/>
	at org.testng.Assert.assertTrue(Assert.java:52)<br/>
	at main.TestBase.assertTrue(TestBase.java:77)<br/>
	at main.TestBase.verifyTrue(TestBase.java:110)<br/>
	at test.java.TestHboSignUp.testSignupFail(TestHboSignUp.java:66)<br/>
	at sun.reflect.NativeMethodAccessorImpl.invoke0(Native Method)<br/>
	at sun.reflect.NativeMethodAccessorImpl.invoke(NativeMethodAccessorImpl.java:62)<br/>
	at sun.reflect.DelegatingMethodAccessorImpl.invoke(DelegatingMethodAccessorImpl.java:43)<br/>
	at java.lang.reflect.Method.invoke(Method.java:483)<br/>
	at org.testng.internal.MethodInvocationHelper.invokeMethod(MethodInvocationHelper.java:84)<br/>
	at org.testng.internal.Invoker.invokeMethod(Invoker.java:714)<br/>
	at org.testng.internal.Invoker.invokeTestMethod(Invoker.java:901)<br/>
	at org.testng.internal.Invoker.invokeTestMethods(Invoker.java:1231)<br/>
	at org.testng.internal.TestMethodWorker.invokeTestMethods(TestMethodWorker.java:127)<br/>
	at org.testng.internal.TestMethodWorker.run(TestMethodWorker.java:111)<br/>
	at org.testng.TestRunner.privateRun(TestRunner.java:767)<br/>
	at org.testng.TestRunner.run(TestRunner.java:617)<br/>
	at org.testng.SuiteRunner.runTest(SuiteRunner.java:334)<br/>
	at org.testng.SuiteRunner.runSequentially(SuiteRunner.java:329)<br/>
	at org.testng.SuiteRunner.privateRun(SuiteRunner.java:291)<br/>
	at org.testng.SuiteRunner.run(SuiteRunner.java:240)<br/>
	at org.testng.SuiteRunnerWorker.runSuite(SuiteRunnerWorker.java:52)<br/>
	at org.testng.SuiteRunnerWorker.run(SuiteRunnerWorker.java:86)<br/>
	at org.testng.TestNG.runSuitesSequentially(TestNG.java:1224)<br/>
	at org.testng.TestNG.runSuitesLocally(TestNG.java:1149)<br/>
	at org.testng.TestNG.run(TestNG.java:1057)<br/>
	at org.testng.remote.RemoteTestNG.run(RemoteTestNG.java:111)<br/>
	at org.testng.remote.RemoteTestNG.initAndRun(RemoteTestNG.java:204)<br/>
	at org.testng.remote.RemoteTestNG.main(RemoteTestNG.java:175)<br/>
<br/>
Failure 2 of 2<br/>
<br/>
<br/>
Failure 1 of 3<br/>
java.lang.AssertionError: expected [true] but found [false]<br/>
	at org.testng.Assert.fail(Assert.java:94)<br/>
	at org.testng.Assert.failNotEquals(Assert.java:494)<br/>
	at org.testng.Assert.assertTrue(Assert.java:42)<br/>
	at org.testng.Assert.assertTrue(Assert.java:52)<br/>
	at main.TestBase.assertTrue(TestBase.java:77)<br/>
	at main.TestBase.verifyTrue(TestBase.java:110)<br/>
	at test.java.TestHboSignUp.testSignupFail(TestHboSignUp.java:66)<br/>
	at sun.reflect.NativeMethodAccessorImpl.invoke0(Native Method)<br/>
	at sun.reflect.NativeMethodAccessorImpl.invoke(NativeMethodAccessorImpl.java:62)<br/>
	at sun.reflect.DelegatingMethodAccessorImpl.invoke(DelegatingMethodAccessorImpl.java:43)<br/>
	at java.lang.reflect.Method.invoke(Method.java:483)<br/>
	at org.testng.internal.MethodInvocationHelper.invokeMethod(MethodInvocationHelper.java:84)<br/>
	at org.testng.internal.Invoker.invokeMethod(Invoker.java:714)<br/>
	at org.testng.internal.Invoker.invokeTestMethod(Invoker.java:901)<br/>
	at org.testng.internal.Invoker.invokeTestMethods(Invoker.java:1231)<br/>
	at org.testng.internal.TestMethodWorker.invokeTestMethods(TestMethodWorker.java:127)<br/>
	at org.testng.internal.TestMethodWorker.run(TestMethodWorker.java:111)<br/>
	at org.testng.TestRunner.privateRun(TestRunner.java:767)<br/>
	at org.testng.TestRunner.run(TestRunner.java:617)<br/>
	at org.testng.SuiteRunner.runTest(SuiteRunner.java:334)<br/>
	at org.testng.SuiteRunner.runSequentially(SuiteRunner.java:329)<br/>
	at org.testng.SuiteRunner.privateRun(SuiteRunner.java:291)<br/>
	at org.testng.SuiteRunner.run(SuiteRunner.java:240)<br/>
	at org.testng.SuiteRunnerWorker.runSuite(SuiteRunnerWorker.java:52)<br/>
	at org.testng.SuiteRunnerWorker.run(SuiteRunnerWorker.java:86)<br/>
	at org.testng.TestNG.runSuitesSequentially(TestNG.java:1224)<br/>
	at org.testng.TestNG.runSuitesLocally(TestNG.java:1149)<br/>
	at org.testng.TestNG.run(TestNG.java:1057)<br/>
	at org.testng.remote.RemoteTestNG.run(RemoteTestNG.java:111)<br/>
	at org.testng.remote.RemoteTestNG.initAndRun(RemoteTestNG.java:204)<br/>
	at org.testng.remote.RemoteTestNG.main(RemoteTestNG.java:175)<br/>
<br/>
Failure 2 of 3<br/>
java.lang.Throwable: Multiple failures (1)<br/>
(1)java.lang.AssertionError:expected [true] but found [false]<br/>
<br/>
Failure 1 of 1<br/>
<br/>
	at org.testng.Assert.fail(Assert.java:94)<br/>
	at org.testng.Assert.failNotEquals(Assert.java:494)<br/>
	at org.testng.Assert.assertTrue(Assert.java:42)<br/>
	at org.testng.Assert.assertTrue(Assert.java:52)<br/>
	at main.TestBase.assertTrue(TestBase.java:77)<br/>
	at main.TestBase.verifyTrue(TestBase.java:110)<br/>
	at test.java.TestHboSignUp.testSignupFail(TestHboSignUp.java:66)<br/>
	at sun.reflect.NativeMethodAccessorImpl.invoke0(Native Method)<br/>
	at sun.reflect.NativeMethodAccessorImpl.invoke(NativeMethodAccessorImpl.java:62)<br/>
	at sun.reflect.DelegatingMethodAccessorImpl.invoke(DelegatingMethodAccessorImpl.java:43)<br/>
	at java.lang.reflect.Method.invoke(Method.java:483)<br/>
	at org.testng.internal.MethodInvocationHelper.invokeMethod(MethodInvocationHelper.java:84)<br/>
	at org.testng.internal.Invoker.invokeMethod(Invoker.java:714)<br/>
	at org.testng.internal.Invoker.invokeTestMethod(Invoker.java:901)<br/>
	at org.testng.internal.Invoker.invokeTestMethods(Invoker.java:1231)<br/>
	at org.testng.internal.TestMethodWorker.invokeTestMethods(TestMethodWorker.java:127)<br/>
	at org.testng.internal.TestMethodWorker.run(TestMethodWorker.java:111)<br/>
	at org.testng.TestRunner.privateRun(TestRunner.java:767)<br/>
	at org.testng.TestRunner.run(TestRunner.java:617)<br/>
	at org.testng.SuiteRunner.runTest(SuiteRunner.java:334)<br/>
	at org.testng.SuiteRunner.runSequentially(SuiteRunner.java:329)<br/>
	at org.testng.SuiteRunner.privateRun(SuiteRunner.java:291)<br/>
	at org.testng.SuiteRunner.run(SuiteRunner.java:240)<br/>
	at org.testng.SuiteRunnerWorker.runSuite(SuiteRunnerWorker.java:52)<br/>
	at org.testng.SuiteRunnerWorker.run(SuiteRunnerWorker.java:86)<br/>
	at org.testng.TestNG.runSuitesSequentially(TestNG.java:1224)<br/>
	at org.testng.TestNG.runSuitesLocally(TestNG.java:1149)<br/>
	at org.testng.TestNG.run(TestNG.java:1057)<br/>
	at org.testng.remote.RemoteTestNG.run(RemoteTestNG.java:111)<br/>
	at org.testng.remote.RemoteTestNG.initAndRun(RemoteTestNG.java:204)<br/>
	at org.testng.remote.RemoteTestNG.main(RemoteTestNG.java:175)<br/>
<br/>
Failure 3 of 3<br/>
</b></a><br />
    <div class="stackTrace" id="exception-0">
              org.testng.Assert.fail(Assert.java:94)<br />
              org.testng.Assert.failNotEquals(Assert.java:494)<br />
              org.testng.Assert.assertTrue(Assert.java:42)<br />
              org.testng.Assert.assertTrue(Assert.java:52)<br />
              main.TestBase.assertTrue(TestBase.java:77)<br />
              main.TestBase.verifyTrue(TestBase.java:110)<br />
              test.java.TestHboSignUp.testSignupFail(TestHboSignUp.java:66)<br />
              sun.reflect.NativeMethodAccessorImpl.invoke0(Native Method)<br />
              sun.reflect.NativeMethodAccessorImpl.invoke(NativeMethodAccessorImpl.java:62)<br />
              sun.reflect.DelegatingMethodAccessorImpl.invoke(DelegatingMethodAccessorImpl.java:43)<br />
              java.lang.reflect.Method.invoke(Method.java:483)<br />
              org.testng.internal.MethodInvocationHelper.invokeMethod(MethodInvocationHelper.java:84)<br />
              org.testng.internal.Invoker.invokeMethod(Invoker.java:714)<br />
              org.testng.internal.Invoker.invokeTestMethod(Invoker.java:901)<br />
              org.testng.internal.Invoker.invokeTestMethods(Invoker.java:1231)<br />
              org.testng.internal.TestMethodWorker.invokeTestMethods(TestMethodWorker.java:127)<br />
              org.testng.internal.TestMethodWorker.run(TestMethodWorker.java:111)<br />
              org.testng.TestRunner.privateRun(TestRunner.java:767)<br />
              org.testng.TestRunner.run(TestRunner.java:617)<br />
              org.testng.SuiteRunner.runTest(SuiteRunner.java:334)<br />
              org.testng.SuiteRunner.runSequentially(SuiteRunner.java:329)<br />
              org.testng.SuiteRunner.privateRun(SuiteRunner.java:291)<br />
              org.testng.SuiteRunner.run(SuiteRunner.java:240)<br />
              org.testng.SuiteRunnerWorker.runSuite(SuiteRunnerWorker.java:52)<br />
              org.testng.SuiteRunnerWorker.run(SuiteRunnerWorker.java:86)<br />
              org.testng.TestNG.runSuitesSequentially(TestNG.java:1224)<br />
              org.testng.TestNG.runSuitesLocally(TestNG.java:1149)<br />
              org.testng.TestNG.run(TestNG.java:1057)<br />
              org.testng.remote.RemoteTestNG.run(RemoteTestNG.java:111)<br />
              org.testng.remote.RemoteTestNG.initAndRun(RemoteTestNG.java:204)<br />
              org.testng.remote.RemoteTestNG.main(RemoteTestNG.java:175)<br />
                </div>
      </td>
</tr>
<tr>
  <td class="method">
                  testSignupFail
      </td>
  <td class="duration">
    35,071s
  </td>
  <td class="result">
        
    
            <div class="testOutput">
                        Found element:By.id: headerButtonLogin<br>
                                Found element:By.id: headerButtonLogin<br>
                                Clicked on:[[FirefoxDriver: firefox on MAC (83a67f09-6a17-cd4a-83d6-b465743d99cb)] -> id: headerButtonLogin]<br>
                                Found element:By.cssSelector: div.settings_description_white > #headerButtonLogin<br>
                                Found element:By.cssSelector: div.settings_description_white > #headerButtonLogin<br>
                                Clicked on:[[FirefoxDriver: firefox on MAC (83a67f09-6a17-cd4a-83d6-b465743d99cb)] -> css selector: div.settings_description_white > #headerButtonLogin]<br>
                                Found element:By.id: OperatorId<br>
                                Found element:By.id: OperatorId<br>
                                Clicked on:[[FirefoxDriver: firefox on MAC (83a67f09-6a17-cd4a-83d6-b465743d99cb)] -> id: OperatorId]<br>
                                Found element:By.id: OperatorId_f320aa2c-e40e-49c2-8cdd-1ebef2ac6f26<br>
                                Found element:By.id: OperatorId_f320aa2c-e40e-49c2-8cdd-1ebef2ac6f26<br>
                                Clicked on:[[FirefoxDriver: firefox on MAC (83a67f09-6a17-cd4a-83d6-b465743d99cb)] -> id: OperatorId_f320aa2c-e40e-49c2-8cdd-1ebef2ac6f26]<br>
                                Found element:By.name: SpecificData<br>
                                Found element:By.name: SpecificData<br>
                                Found element:By.name: SpecificData<br>
                                Found element:By.cssSelector: button.button_submit.next<br>
                                Found element:By.cssSelector: button.button_submit.next<br>
                                Clicked on:[[FirefoxDriver: firefox on MAC (83a67f09-6a17-cd4a-83d6-b465743d99cb)] -> css selector: button.button_submit.next]<br>
                                Found element:By.name: EmailAddress<br>
                                Found element:By.name: EmailAddress<br>
                                Found element:By.name: EmailAddress<br>
                                Found element:By.name: EmailAddressAgain<br>
                                Found element:By.name: EmailAddressAgain<br>
                                Found element:By.name: EmailAddressAgain<br>
                                Found element:By.name: Nick<br>
                                Found element:By.name: Nick<br>
                                Found element:By.name: Nick<br>
                                Found element:By.name: Password<br>
                                Found element:By.name: Password<br>
                                Found element:By.name: Password<br>
                                Found element:By.name: PasswordAgain<br>
                                Found element:By.name: PasswordAgain<br>
                                Found element:By.name: PasswordAgain<br>
                                Found element:By.id: Newsletter_theme<br>
                                Found element:By.id: Newsletter_theme<br>
                                Clicked on:[[FirefoxDriver: firefox on MAC (83a67f09-6a17-cd4a-83d6-b465743d99cb)] -> id: Newsletter_theme]<br>
                                Found element:By.id: Terms_theme<br>
                                Found element:By.id: Terms_theme<br>
                                Clicked on:[[FirefoxDriver: firefox on MAC (83a67f09-6a17-cd4a-83d6-b465743d99cb)] -> id: Terms_theme]<br>
                                Found element:By.cssSelector: button.button_submit.submit<br>
                                Clicked on:[[FirefoxDriver: firefox on MAC (83a67f09-6a17-cd4a-83d6-b465743d99cb)] -> css selector: button.button_submit.submit]<br>
                                <p>Az e-mail címek nem egyeznek<br></p>
                                Verify: the Valid Email error message displayed.<br>
                                Found element:By.id: Terms_theme<br>
                                Found element:By.xpath: .//*[@id='operatorTypeNormal']/div[2]<br>
                                <a href="/Users/georgegaspar/Documents/Tests/Firefox-2015-2-2-4-54-21-850.png"><p align="left"Element screenshot at Mon Mar 02 04:54:27 CET 2015</p>
                                <p><img width="50%" src="/Users/georgegaspar/Documents/Tests/Firefox-2015-2-2-4-54-21-850.png" alt="screenshot at Mon Mar 02 04:54:27 CET 2015"/></p></a><br />
                                Completed executing following method : TestHboSignUp.testSignupFail<br>
                                Completed executing following method : TestHboSignUp.testSignupFail<br>
                                Completed executing following method : TestHboSignUp.testSignupFail<br>
                                Completed executing following method : TestHboSignUp.testSignupFail<br>
                                Completed executing following method : TestHboSignUp.testSignupFail<br>
                                Completed executing following method : TestHboSignUp.testSignupFail<br>
                                Fuck<br>
                                <a href="/Users/georgegaspar/Documents/Tests/Firefox-testSignupFail(test.java.TestHboSignUp)-2015-2-2-4-54-27-254.png"><p align="left">Error screenshot at Mon Mar 02 04:54:28 CET 2015</p>
                                <p><img width="50%" src="/Users/georgegaspar/Documents/Tests/Firefox-testSignupFail(test.java.TestHboSignUp)-2015-2-2-4-54-27-254.png" alt="screenshot at Mon Mar 02 04:54:28 CET 2015"/></p></a><br />
                                Test Method resides in test.java.TestHboSignUp<br>
                                <p>Test Status: </p><p>Failed</p>
                  </div>
    

        <a href="javascript:toggleElement('exception-1', 'block')" title="Click to expand/collapse"><b>java.lang.Throwable: Multiple failures (3)<br/>
(1)java.lang.AssertionError:expected [true] but found [false]<br/>
(2)java.lang.Throwable:Multiple failures (1)<br/>
(1)java.lang.AssertionError:expected [true] but found [false]<br/>
<br/>
Failure 1 of 1<br/>
<br/>
(3)java.lang.Throwable:Multiple failures (2)<br/>
(1)java.lang.AssertionError:expected [true] but found [false]<br/>
(2)java.lang.Throwable:Multiple failures (1)<br/>
(1)java.lang.AssertionError:expected [true] but found [false]<br/>
<br/>
Failure 1 of 1<br/>
<br/>
<br/>
Failure 1 of 2<br/>
java.lang.AssertionError: expected [true] but found [false]<br/>
	at org.testng.Assert.fail(Assert.java:94)<br/>
	at org.testng.Assert.failNotEquals(Assert.java:494)<br/>
	at org.testng.Assert.assertTrue(Assert.java:42)<br/>
	at org.testng.Assert.assertTrue(Assert.java:52)<br/>
	at main.TestBase.assertTrue(TestBase.java:77)<br/>
	at main.TestBase.verifyTrue(TestBase.java:110)<br/>
	at test.java.TestHboSignUp.testSignupFail(TestHboSignUp.java:66)<br/>
	at sun.reflect.NativeMethodAccessorImpl.invoke0(Native Method)<br/>
	at sun.reflect.NativeMethodAccessorImpl.invoke(NativeMethodAccessorImpl.java:62)<br/>
	at sun.reflect.DelegatingMethodAccessorImpl.invoke(DelegatingMethodAccessorImpl.java:43)<br/>
	at java.lang.reflect.Method.invoke(Method.java:483)<br/>
	at org.testng.internal.MethodInvocationHelper.invokeMethod(MethodInvocationHelper.java:84)<br/>
	at org.testng.internal.Invoker.invokeMethod(Invoker.java:714)<br/>
	at org.testng.internal.Invoker.invokeTestMethod(Invoker.java:901)<br/>
	at org.testng.internal.Invoker.invokeTestMethods(Invoker.java:1231)<br/>
	at org.testng.internal.TestMethodWorker.invokeTestMethods(TestMethodWorker.java:127)<br/>
	at org.testng.internal.TestMethodWorker.run(TestMethodWorker.java:111)<br/>
	at org.testng.TestRunner.privateRun(TestRunner.java:767)<br/>
	at org.testng.TestRunner.run(TestRunner.java:617)<br/>
	at org.testng.SuiteRunner.runTest(SuiteRunner.java:334)<br/>
	at org.testng.SuiteRunner.runSequentially(SuiteRunner.java:329)<br/>
	at org.testng.SuiteRunner.privateRun(SuiteRunner.java:291)<br/>
	at org.testng.SuiteRunner.run(SuiteRunner.java:240)<br/>
	at org.testng.SuiteRunnerWorker.runSuite(SuiteRunnerWorker.java:52)<br/>
	at org.testng.SuiteRunnerWorker.run(SuiteRunnerWorker.java:86)<br/>
	at org.testng.TestNG.runSuitesSequentially(TestNG.java:1224)<br/>
	at org.testng.TestNG.runSuitesLocally(TestNG.java:1149)<br/>
	at org.testng.TestNG.run(TestNG.java:1057)<br/>
	at org.testng.remote.RemoteTestNG.run(RemoteTestNG.java:111)<br/>
	at org.testng.remote.RemoteTestNG.initAndRun(RemoteTestNG.java:204)<br/>
	at org.testng.remote.RemoteTestNG.main(RemoteTestNG.java:175)<br/>
<br/>
Failure 2 of 2<br/>
<br/>
<br/>
Failure 1 of 3<br/>
java.lang.AssertionError: expected [true] but found [false]<br/>
	at org.testng.Assert.fail(Assert.java:94)<br/>
	at org.testng.Assert.failNotEquals(Assert.java:494)<br/>
	at org.testng.Assert.assertTrue(Assert.java:42)<br/>
	at org.testng.Assert.assertTrue(Assert.java:52)<br/>
	at main.TestBase.assertTrue(TestBase.java:77)<br/>
	at main.TestBase.verifyTrue(TestBase.java:110)<br/>
	at test.java.TestHboSignUp.testSignupFail(TestHboSignUp.java:66)<br/>
	at sun.reflect.NativeMethodAccessorImpl.invoke0(Native Method)<br/>
	at sun.reflect.NativeMethodAccessorImpl.invoke(NativeMethodAccessorImpl.java:62)<br/>
	at sun.reflect.DelegatingMethodAccessorImpl.invoke(DelegatingMethodAccessorImpl.java:43)<br/>
	at java.lang.reflect.Method.invoke(Method.java:483)<br/>
	at org.testng.internal.MethodInvocationHelper.invokeMethod(MethodInvocationHelper.java:84)<br/>
	at org.testng.internal.Invoker.invokeMethod(Invoker.java:714)<br/>
	at org.testng.internal.Invoker.invokeTestMethod(Invoker.java:901)<br/>
	at org.testng.internal.Invoker.invokeTestMethods(Invoker.java:1231)<br/>
	at org.testng.internal.TestMethodWorker.invokeTestMethods(TestMethodWorker.java:127)<br/>
	at org.testng.internal.TestMethodWorker.run(TestMethodWorker.java:111)<br/>
	at org.testng.TestRunner.privateRun(TestRunner.java:767)<br/>
	at org.testng.TestRunner.run(TestRunner.java:617)<br/>
	at org.testng.SuiteRunner.runTest(SuiteRunner.java:334)<br/>
	at org.testng.SuiteRunner.runSequentially(SuiteRunner.java:329)<br/>
	at org.testng.SuiteRunner.privateRun(SuiteRunner.java:291)<br/>
	at org.testng.SuiteRunner.run(SuiteRunner.java:240)<br/>
	at org.testng.SuiteRunnerWorker.runSuite(SuiteRunnerWorker.java:52)<br/>
	at org.testng.SuiteRunnerWorker.run(SuiteRunnerWorker.java:86)<br/>
	at org.testng.TestNG.runSuitesSequentially(TestNG.java:1224)<br/>
	at org.testng.TestNG.runSuitesLocally(TestNG.java:1149)<br/>
	at org.testng.TestNG.run(TestNG.java:1057)<br/>
	at org.testng.remote.RemoteTestNG.run(RemoteTestNG.java:111)<br/>
	at org.testng.remote.RemoteTestNG.initAndRun(RemoteTestNG.java:204)<br/>
	at org.testng.remote.RemoteTestNG.main(RemoteTestNG.java:175)<br/>
<br/>
Failure 2 of 3<br/>
java.lang.Throwable: Multiple failures (1)<br/>
(1)java.lang.AssertionError:expected [true] but found [false]<br/>
<br/>
Failure 1 of 1<br/>
<br/>
	at org.testng.Assert.fail(Assert.java:94)<br/>
	at org.testng.Assert.failNotEquals(Assert.java:494)<br/>
	at org.testng.Assert.assertTrue(Assert.java:42)<br/>
	at org.testng.Assert.assertTrue(Assert.java:52)<br/>
	at main.TestBase.assertTrue(TestBase.java:77)<br/>
	at main.TestBase.verifyTrue(TestBase.java:110)<br/>
	at test.java.TestHboSignUp.testSignupFail(TestHboSignUp.java:66)<br/>
	at sun.reflect.NativeMethodAccessorImpl.invoke0(Native Method)<br/>
	at sun.reflect.NativeMethodAccessorImpl.invoke(NativeMethodAccessorImpl.java:62)<br/>
	at sun.reflect.DelegatingMethodAccessorImpl.invoke(DelegatingMethodAccessorImpl.java:43)<br/>
	at java.lang.reflect.Method.invoke(Method.java:483)<br/>
	at org.testng.internal.MethodInvocationHelper.invokeMethod(MethodInvocationHelper.java:84)<br/>
	at org.testng.internal.Invoker.invokeMethod(Invoker.java:714)<br/>
	at org.testng.internal.Invoker.invokeTestMethod(Invoker.java:901)<br/>
	at org.testng.internal.Invoker.invokeTestMethods(Invoker.java:1231)<br/>
	at org.testng.internal.TestMethodWorker.invokeTestMethods(TestMethodWorker.java:127)<br/>
	at org.testng.internal.TestMethodWorker.run(TestMethodWorker.java:111)<br/>
	at org.testng.TestRunner.privateRun(TestRunner.java:767)<br/>
	at org.testng.TestRunner.run(TestRunner.java:617)<br/>
	at org.testng.SuiteRunner.runTest(SuiteRunner.java:334)<br/>
	at org.testng.SuiteRunner.runSequentially(SuiteRunner.java:329)<br/>
	at org.testng.SuiteRunner.privateRun(SuiteRunner.java:291)<br/>
	at org.testng.SuiteRunner.run(SuiteRunner.java:240)<br/>
	at org.testng.SuiteRunnerWorker.runSuite(SuiteRunnerWorker.java:52)<br/>
	at org.testng.SuiteRunnerWorker.run(SuiteRunnerWorker.java:86)<br/>
	at org.testng.TestNG.runSuitesSequentially(TestNG.java:1224)<br/>
	at org.testng.TestNG.runSuitesLocally(TestNG.java:1149)<br/>
	at org.testng.TestNG.run(TestNG.java:1057)<br/>
	at org.testng.remote.RemoteTestNG.run(RemoteTestNG.java:111)<br/>
	at org.testng.remote.RemoteTestNG.initAndRun(RemoteTestNG.java:204)<br/>
	at org.testng.remote.RemoteTestNG.main(RemoteTestNG.java:175)<br/>
<br/>
Failure 3 of 3<br/>
</b></a><br />
    <div class="stackTrace" id="exception-1">
              org.testng.Assert.fail(Assert.java:94)<br />
              org.testng.Assert.failNotEquals(Assert.java:494)<br />
              org.testng.Assert.assertTrue(Assert.java:42)<br />
              org.testng.Assert.assertTrue(Assert.java:52)<br />
              main.TestBase.assertTrue(TestBase.java:77)<br />
              main.TestBase.verifyTrue(TestBase.java:110)<br />
              test.java.TestHboSignUp.testSignupFail(TestHboSignUp.java:66)<br />
              sun.reflect.NativeMethodAccessorImpl.invoke0(Native Method)<br />
              sun.reflect.NativeMethodAccessorImpl.invoke(NativeMethodAccessorImpl.java:62)<br />
              sun.reflect.DelegatingMethodAccessorImpl.invoke(DelegatingMethodAccessorImpl.java:43)<br />
              java.lang.reflect.Method.invoke(Method.java:483)<br />
              org.testng.internal.MethodInvocationHelper.invokeMethod(MethodInvocationHelper.java:84)<br />
              org.testng.internal.Invoker.invokeMethod(Invoker.java:714)<br />
              org.testng.internal.Invoker.invokeTestMethod(Invoker.java:901)<br />
              org.testng.internal.Invoker.invokeTestMethods(Invoker.java:1231)<br />
              org.testng.internal.TestMethodWorker.invokeTestMethods(TestMethodWorker.java:127)<br />
              org.testng.internal.TestMethodWorker.run(TestMethodWorker.java:111)<br />
              org.testng.TestRunner.privateRun(TestRunner.java:767)<br />
              org.testng.TestRunner.run(TestRunner.java:617)<br />
              org.testng.SuiteRunner.runTest(SuiteRunner.java:334)<br />
              org.testng.SuiteRunner.runSequentially(SuiteRunner.java:329)<br />
              org.testng.SuiteRunner.privateRun(SuiteRunner.java:291)<br />
              org.testng.SuiteRunner.run(SuiteRunner.java:240)<br />
              org.testng.SuiteRunnerWorker.runSuite(SuiteRunnerWorker.java:52)<br />
              org.testng.SuiteRunnerWorker.run(SuiteRunnerWorker.java:86)<br />
              org.testng.TestNG.runSuitesSequentially(TestNG.java:1224)<br />
              org.testng.TestNG.runSuitesLocally(TestNG.java:1149)<br />
              org.testng.TestNG.run(TestNG.java:1057)<br />
              org.testng.remote.RemoteTestNG.run(RemoteTestNG.java:111)<br />
              org.testng.remote.RemoteTestNG.initAndRun(RemoteTestNG.java:204)<br />
              org.testng.remote.RemoteTestNG.main(RemoteTestNG.java:175)<br />
                </div>
      </td>
</tr>
      </table>


  
</body>
</html>
