<?xml version="1.0" encoding="UTF-8"?>
<testsuite name="Default test"
           tests="3"
           failures="2"
           errors="0"
           skipped="1"
           time="0,029">
  <properties />
            <testcase name="setUp" time="0,000" classname="test.java.TestHboSignIn">
                <failure type="java.lang.NoClassDefFoundError"
                  message="org/w3c/dom/ElementTraversal"
              >
<![CDATA[java.lang.NoClassDefFoundError: org/w3c/dom/ElementTraversal
  java.lang.ClassLoader.defineClass1(Native Method)
  java.lang.ClassLoader.defineClass(ClassLoader.java:760)
  java.security.SecureClassLoader.defineClass(SecureClassLoader.java:142)
  java.net.URLClassLoader.defineClass(URLClassLoader.java:455)
  java.net.URLClassLoader.access$100(URLClassLoader.java:73)
  java.net.URLClassLoader$1.run(URLClassLoader.java:367)
  java.net.URLClassLoader$1.run(URLClassLoader.java:361)
  java.security.AccessController.doPrivileged(Native Method)
  java.net.URLClassLoader.findClass(URLClassLoader.java:360)
  java.lang.ClassLoader.loadClass(ClassLoader.java:424)
  sun.misc.Launcher$AppClassLoader.loadClass(Launcher.java:308)
  java.lang.ClassLoader.loadClass(ClassLoader.java:357)
  org.apache.xerces.parsers.AbstractDOMParser.startDocument(Unknown Source)
  org.apache.xerces.impl.dtd.XMLDTDValidator.startDocument(Unknown Source)
  org.apache.xerces.impl.XMLDocumentScannerImpl.startEntity(Unknown Source)
  org.apache.xerces.impl.XMLVersionDetector.startDocumentParsing(Unknown Source)
  org.apache.xerces.parsers.XML11Configuration.parse(Unknown Source)
  org.apache.xerces.parsers.XML11Configuration.parse(Unknown Source)
  org.apache.xerces.parsers.XMLParser.parse(Unknown Source)
  org.apache.xerces.parsers.DOMParser.parse(Unknown Source)
  org.apache.xerces.jaxp.DocumentBuilderImpl.parse(Unknown Source)
  javax.xml.parsers.DocumentBuilder.parse(DocumentBuilder.java:205)
  org.apache.log4j.xml.DOMConfigurator$1.parse(DOMConfigurator.java:749)
  org.apache.log4j.xml.DOMConfigurator.doConfigure(DOMConfigurator.java:871)
  org.apache.log4j.xml.DOMConfigurator.doConfigure(DOMConfigurator.java:755)
  org.apache.log4j.xml.DOMConfigurator.configure(DOMConfigurator.java:896)
  main.java.qa.framework.main.WebDriverManager.startDriver(WebDriverManager.java:59)
  main.java.qa.framework.main.TestBase.setUp(TestBase.java:87)
  sun.reflect.NativeMethodAccessorImpl.invoke0(Native Method)
  sun.reflect.NativeMethodAccessorImpl.invoke(NativeMethodAccessorImpl.java:62)
  sun.reflect.DelegatingMethodAccessorImpl.invoke(DelegatingMethodAccessorImpl.java:43)
  java.lang.reflect.Method.invoke(Method.java:483)
  org.testng.internal.MethodInvocationHelper.invokeMethod(MethodInvocationHelper.java:84)
  org.testng.internal.Invoker.invokeConfigurationMethod(Invoker.java:564)
  org.testng.internal.Invoker.invokeConfigurations(Invoker.java:213)
  org.testng.internal.Invoker.invokeConfigurations(Invoker.java:138)
  org.testng.internal.TestMethodWorker.invokeBeforeClassMethods(TestMethodWorker.java:175)
  org.testng.internal.TestMethodWorker.run(TestMethodWorker.java:107)
  org.testng.TestRunner.privateRun(TestRunner.java:767)
  org.testng.TestRunner.run(TestRunner.java:617)
  org.testng.SuiteRunner.runTest(SuiteRunner.java:334)
  org.testng.SuiteRunner.runSequentially(SuiteRunner.java:329)
  org.testng.SuiteRunner.privateRun(SuiteRunner.java:291)
  org.testng.SuiteRunner.run(SuiteRunner.java:240)
  org.testng.SuiteRunnerWorker.runSuite(SuiteRunnerWorker.java:52)
  org.testng.SuiteRunnerWorker.run(SuiteRunnerWorker.java:86)
  org.testng.TestNG.runSuitesSequentially(TestNG.java:1224)
  org.testng.TestNG.runSuitesLocally(TestNG.java:1149)
  org.testng.TestNG.run(TestNG.java:1057)
  org.testng.remote.RemoteTestNG.run(RemoteTestNG.java:111)
  org.testng.remote.RemoteTestNG.initAndRun(RemoteTestNG.java:204)
  org.testng.remote.RemoteTestNG.main(RemoteTestNG.java:175)
Caused by: java.lang.ClassNotFoundException: org.w3c.dom.ElementTraversal
  java.net.URLClassLoader$1.run(URLClassLoader.java:372)
  java.net.URLClassLoader$1.run(URLClassLoader.java:361)
  java.security.AccessController.doPrivileged(Native Method)
  java.net.URLClassLoader.findClass(URLClassLoader.java:360)
  java.lang.ClassLoader.loadClass(ClassLoader.java:424)
  sun.misc.Launcher$AppClassLoader.loadClass(Launcher.java:308)
  java.lang.ClassLoader.loadClass(ClassLoader.java:357)
  java.lang.ClassLoader.defineClass1(Native Method)
  java.lang.ClassLoader.defineClass(ClassLoader.java:760)
  java.security.SecureClassLoader.defineClass(SecureClassLoader.java:142)
  java.net.URLClassLoader.defineClass(URLClassLoader.java:455)
  java.net.URLClassLoader.access$100(URLClassLoader.java:73)
  java.net.URLClassLoader$1.run(URLClassLoader.java:367)
  java.net.URLClassLoader$1.run(URLClassLoader.java:361)
  java.security.AccessController.doPrivileged(Native Method)
  java.net.URLClassLoader.findClass(URLClassLoader.java:360)
  java.lang.ClassLoader.loadClass(ClassLoader.java:424)
  sun.misc.Launcher$AppClassLoader.loadClass(Launcher.java:308)
  java.lang.ClassLoader.loadClass(ClassLoader.java:357)
  org.apache.xerces.parsers.AbstractDOMParser.startDocument(Unknown Source)
  org.apache.xerces.impl.dtd.XMLDTDValidator.startDocument(Unknown Source)
  org.apache.xerces.impl.XMLDocumentScannerImpl.startEntity(Unknown Source)
  org.apache.xerces.impl.XMLVersionDetector.startDocumentParsing(Unknown Source)
  org.apache.xerces.parsers.XML11Configuration.parse(Unknown Source)
  org.apache.xerces.parsers.XML11Configuration.parse(Unknown Source)
  org.apache.xerces.parsers.XMLParser.parse(Unknown Source)
  org.apache.xerces.parsers.DOMParser.parse(Unknown Source)
  org.apache.xerces.jaxp.DocumentBuilderImpl.parse(Unknown Source)
  javax.xml.parsers.DocumentBuilder.parse(DocumentBuilder.java:205)
  org.apache.log4j.xml.DOMConfigurator$1.parse(DOMConfigurator.java:749)
  org.apache.log4j.xml.DOMConfigurator.doConfigure(DOMConfigurator.java:871)
  org.apache.log4j.xml.DOMConfigurator.doConfigure(DOMConfigurator.java:755)
  org.apache.log4j.xml.DOMConfigurator.configure(DOMConfigurator.java:896)
  main.java.qa.framework.main.WebDriverManager.startDriver(WebDriverManager.java:59)
  main.java.qa.framework.main.TestBase.setUp(TestBase.java:87)
  sun.reflect.NativeMethodAccessorImpl.invoke0(Native Method)
  sun.reflect.NativeMethodAccessorImpl.invoke(NativeMethodAccessorImpl.java:62)
  sun.reflect.DelegatingMethodAccessorImpl.invoke(DelegatingMethodAccessorImpl.java:43)
  java.lang.reflect.Method.invoke(Method.java:483)
  org.testng.internal.MethodInvocationHelper.invokeMethod(MethodInvocationHelper.java:84)
  org.testng.internal.Invoker.invokeConfigurationMethod(Invoker.java:564)
  org.testng.internal.Invoker.invokeConfigurations(Invoker.java:213)
  org.testng.internal.Invoker.invokeConfigurations(Invoker.java:138)
  org.testng.internal.TestMethodWorker.invokeBeforeClassMethods(TestMethodWorker.java:175)
  org.testng.internal.TestMethodWorker.run(TestMethodWorker.java:107)
  org.testng.TestRunner.privateRun(TestRunner.java:767)
  org.testng.TestRunner.run(TestRunner.java:617)
  org.testng.SuiteRunner.runTest(SuiteRunner.java:334)
  org.testng.SuiteRunner.runSequentially(SuiteRunner.java:329)
  org.testng.SuiteRunner.privateRun(SuiteRunner.java:291)
  org.testng.SuiteRunner.run(SuiteRunner.java:240)
  org.testng.SuiteRunnerWorker.runSuite(SuiteRunnerWorker.java:52)
  org.testng.SuiteRunnerWorker.run(SuiteRunnerWorker.java:86)
  org.testng.TestNG.runSuitesSequentially(TestNG.java:1224)
  org.testng.TestNG.runSuitesLocally(TestNG.java:1149)
  org.testng.TestNG.run(TestNG.java:1057)
  org.testng.remote.RemoteTestNG.run(RemoteTestNG.java:111)
  org.testng.remote.RemoteTestNG.initAndRun(RemoteTestNG.java:204)
  org.testng.remote.RemoteTestNG.main(RemoteTestNG.java:175)
]]>
      </failure>

          </testcase>
            <testcase name="testSignInSuccess" time="0,029" classname="test.java.TestHboSignIn">
                <failure type="java.lang.NullPointerException"
                  message="(null)"
              >
<![CDATA[java.lang.NullPointerException
  org.openqa.selenium.support.events.EventFiringWebDriver.extractInterfaces(EventFiringWebDriver.java:117)
  org.openqa.selenium.support.events.EventFiringWebDriver.<init>(EventFiringWebDriver.java:89)
  main.java.qa.framework.main.WebDriverManager.unregister(WebDriverManager.java:291)
  main.java.qa.framework.testng.TestMethodListener.afterInvocation(TestMethodListener.java:98)
  org.testng.internal.invokers.InvokedMethodListenerInvoker$InvokeAfterInvocationWithoutContextStrategy.callMethod(InvokedMethodListenerInvoker.java:100)
  org.testng.internal.invokers.InvokedMethodListenerInvoker.invokeListener(InvokedMethodListenerInvoker.java:62)
  org.testng.internal.Invoker.runInvokedMethodListeners(Invoker.java:619)
  org.testng.internal.Invoker.invokeMethod(Invoker.java:777)
  org.testng.internal.Invoker.invokeTestMethod(Invoker.java:901)
  org.testng.internal.Invoker.invokeTestMethods(Invoker.java:1231)
  org.testng.internal.TestMethodWorker.invokeTestMethods(TestMethodWorker.java:127)
  org.testng.internal.TestMethodWorker.run(TestMethodWorker.java:111)
  org.testng.TestRunner.privateRun(TestRunner.java:767)
  org.testng.TestRunner.run(TestRunner.java:617)
  org.testng.SuiteRunner.runTest(SuiteRunner.java:334)
  org.testng.SuiteRunner.runSequentially(SuiteRunner.java:329)
  org.testng.SuiteRunner.privateRun(SuiteRunner.java:291)
  org.testng.SuiteRunner.run(SuiteRunner.java:240)
  org.testng.SuiteRunnerWorker.runSuite(SuiteRunnerWorker.java:52)
  org.testng.SuiteRunnerWorker.run(SuiteRunnerWorker.java:86)
  org.testng.TestNG.runSuitesSequentially(TestNG.java:1224)
  org.testng.TestNG.runSuitesLocally(TestNG.java:1149)
  org.testng.TestNG.run(TestNG.java:1057)
  org.testng.remote.RemoteTestNG.run(RemoteTestNG.java:111)
  org.testng.remote.RemoteTestNG.initAndRun(RemoteTestNG.java:204)
  org.testng.remote.RemoteTestNG.main(RemoteTestNG.java:175)
]]>
      </failure>

          </testcase>
  
            <testcase name="closeBrowser" time="0.0" classname="test.java.TestHboSignIn">
          <skipped />
    </testcase>
  
  
</testsuite>
