<?xml version="1.0" encoding="UTF-8"?>
<testsuite name="Default test"
           tests="3"
           failures="2"
           errors="0"
           skipped="1"
           time="0,005">
  <properties />
            <testcase name="setUp" time="0,000" classname="test.java.TestHboSignIn">
                <failure type="org.openqa.selenium.remote.UnreachableBrowserException"
                  message="Failed to connect to SafariDriver after 10174 ms
Build info: version: &apos;2.44.0&apos;, revision: &apos;76d78cf323ce037c5f92db6c1bba601c2ac43ad8&apos;, time: &apos;2014-10-23 13:11:40&apos;
System info: host: &apos;igeorge.local&apos;, ip: &apos;192.168.1.101&apos;, os.name: &apos;Mac OS X&apos;, os.arch: &apos;x86_64&apos;, os.version: &apos;10.7.5&apos;, java.version: &apos;1.8.0_25&apos;
Driver info: driver.version: SafariDriver"
              >
<![CDATA[org.openqa.selenium.remote.UnreachableBrowserException: Failed to connect to SafariDriver after 10174 ms
Build info: version: '2.44.0', revision: '76d78cf323ce037c5f92db6c1bba601c2ac43ad8', time: '2014-10-23 13:11:40'
System info: host: 'igeorge.local', ip: '192.168.1.101', os.name: 'Mac OS X', os.arch: 'x86_64', os.version: '10.7.5', java.version: '1.8.0_25'
Driver info: driver.version: SafariDriver
  org.openqa.selenium.safari.SafariDriverCommandExecutor.start(SafariDriverCommandExecutor.java:124)
  org.openqa.selenium.safari.SafariDriver.startClient(SafariDriver.java:72)
  org.openqa.selenium.remote.RemoteWebDriver.<init>(RemoteWebDriver.java:114)
  org.openqa.selenium.remote.RemoteWebDriver.<init>(RemoteWebDriver.java:139)
  org.openqa.selenium.safari.SafariDriver.<init>(SafariDriver.java:58)
  main.WebDriverManager.startDriver(WebDriverManager.java:218)
  test.java.TestHboSignIn.setUp(TestHboSignIn.java:40)
  sun.reflect.NativeMethodAccessorImpl.invoke0(Native Method)
  sun.reflect.NativeMethodAccessorImpl.invoke(NativeMethodAccessorImpl.java:62)
  sun.reflect.DelegatingMethodAccessorImpl.invoke(DelegatingMethodAccessorImpl.java:43)
  java.lang.reflect.Method.invoke(Method.java:483)
  org.testng.internal.MethodInvocationHelper.invokeMethod(MethodInvocationHelper.java:84)
  org.testng.internal.Invoker.invokeConfigurationMethod(Invoker.java:564)
  org.testng.internal.Invoker.invokeConfigurations(Invoker.java:213)
  org.testng.internal.Invoker.invokeConfigurations(Invoker.java:138)
  org.testng.internal.TestMethodWorker.invokeBeforeClassMethods(TestMethodWorker.java:175)
  org.testng.internal.TestMethodWorker.run(TestMethodWorker.java:107)
  org.testng.TestRunner.privateRun(TestRunner.java:767)
  org.testng.TestRunner.run(TestRunner.java:617)
  org.testng.SuiteRunner.runTest(SuiteRunner.java:334)
  org.testng.SuiteRunner.runSequentially(SuiteRunner.java:329)
  org.testng.SuiteRunner.privateRun(SuiteRunner.java:291)
  org.testng.SuiteRunner.run(SuiteRunner.java:240)
  org.testng.SuiteRunnerWorker.runSuite(SuiteRunnerWorker.java:52)
  org.testng.SuiteRunnerWorker.run(SuiteRunnerWorker.java:86)
  org.testng.TestNG.runSuitesSequentially(TestNG.java:1224)
  org.testng.TestNG.runSuitesLocally(TestNG.java:1149)
  org.testng.TestNG.run(TestNG.java:1057)
  org.testng.remote.RemoteTestNG.run(RemoteTestNG.java:111)
  org.testng.remote.RemoteTestNG.initAndRun(RemoteTestNG.java:204)
  org.testng.remote.RemoteTestNG.main(RemoteTestNG.java:175)
]]>
      </failure>

          </testcase>
            <testcase name="testSignInSuccess" time="0,004" classname="test.java.TestHboSignIn">
                <failure type="java.lang.Throwable"
                  message="Multiple failures (1)
(1)java.lang.Throwable:null

Failure 1 of 1
java.lang.Throwable"
              >
<![CDATA[java.lang.Throwable: Multiple failures (1)
(1)java.lang.Throwable:null

Failure 1 of 1
java.lang.Throwable
  testng.TestMethodListener.beforeInvocation(TestMethodListener.java:23)
  org.testng.internal.invokers.InvokedMethodListenerInvoker$InvokeBeforeInvocationWithoutContextStrategy.callMethod(InvokedMethodListenerInvoker.java:84)
  org.testng.internal.invokers.InvokedMethodListenerInvoker.invokeListener(InvokedMethodListenerInvoker.java:62)
  org.testng.internal.Invoker.runInvokedMethodListeners(Invoker.java:619)
  org.testng.internal.Invoker.invokeMethod(Invoker.java:687)
  org.testng.internal.Invoker.invokeTestMethod(Invoker.java:901)
  org.testng.internal.Invoker.invokeTestMethods(Invoker.java:1231)
  org.testng.internal.TestMethodWorker.invokeTestMethods(TestMethodWorker.java:127)
  org.testng.internal.TestMethodWorker.run(TestMethodWorker.java:111)
  org.testng.TestRunner.privateRun(TestRunner.java:767)
  org.testng.TestRunner.run(TestRunner.java:617)
  org.testng.SuiteRunner.runTest(SuiteRunner.java:334)
  org.testng.SuiteRunner.runSequentially(SuiteRunner.java:329)
  org.testng.SuiteRunner.privateRun(SuiteRunner.java:291)
  org.testng.SuiteRunner.run(SuiteRunner.java:240)
  org.testng.SuiteRunnerWorker.runSuite(SuiteRunnerWorker.java:52)
  org.testng.SuiteRunnerWorker.run(SuiteRunnerWorker.java:86)
  org.testng.TestNG.runSuitesSequentially(TestNG.java:1224)
  org.testng.TestNG.runSuitesLocally(TestNG.java:1149)
  org.testng.TestNG.run(TestNG.java:1057)
  org.testng.remote.RemoteTestNG.run(RemoteTestNG.java:111)
  org.testng.remote.RemoteTestNG.initAndRun(RemoteTestNG.java:204)
  org.testng.remote.RemoteTestNG.main(RemoteTestNG.java:175)
]]>
      </failure>

          </testcase>
  
            <testcase name="testPlayerSuccess" time="0.0" classname="test.java.TestHboSignIn">
          <skipped />
    </testcase>
  
  
</testsuite>
