<?xml version="1.0" encoding="UTF-8"?>
<testsuite name="Test on Chrome"
           tests="1"
           failures="1"
           errors="0"
           skipped="0"
           time="140,612">
  <properties />
            <testcase name="testListActionGroupContents" time="140,612" classname="test.java.TestHboSignIn">
                <failure type="java.lang.ExceptionInInitializerError"
                  message="(null)"
              >
<![CDATA[java.lang.ExceptionInInitializerError
  main.TestBase.playContents(TestBase.java:477)
  pageObjects.SelectMovieGroups.actionGroups(SelectMovieGroups.java:139)
  test.java.TestHboSignIn.testListActionGroupContents(TestHboSignIn.java:89)
  sun.reflect.NativeMethodAccessorImpl.invoke0(Native Method)
  sun.reflect.NativeMethodAccessorImpl.invoke(NativeMethodAccessorImpl.java:62)
  sun.reflect.DelegatingMethodAccessorImpl.invoke(DelegatingMethodAccessorImpl.java:43)
  java.lang.reflect.Method.invoke(Method.java:483)
  org.testng.internal.MethodInvocationHelper.invokeMethod(MethodInvocationHelper.java:84)
  org.testng.internal.Invoker.invokeMethod(Invoker.java:714)
  org.testng.internal.Invoker.invokeTestMethod(Invoker.java:901)
  org.testng.internal.Invoker.invokeTestMethods(Invoker.java:1231)
  org.testng.internal.TestMethodWorker.invokeTestMethods(TestMethodWorker.java:127)
  org.testng.internal.TestMethodWorker.run(TestMethodWorker.java:111)
  org.testng.TestRunner.privateRun(TestRunner.java:767)
  org.testng.TestRunner.run(TestRunner.java:617)
  org.testng.SuiteRunner.runTest(SuiteRunner.java:334)
  org.testng.SuiteRunner.runSequentially(SuiteRunner.java:329)
  org.testng.SuiteRunner.privateRun(SuiteRunner.java:291)
  org.testng.SuiteRunner.run(SuiteRunner.java:240)
  org.testng.SuiteRunnerWorker.runSuite(SuiteRunnerWorker.java:52)
  org.testng.SuiteRunnerWorker.run(SuiteRunnerWorker.java:86)
  org.testng.TestNG.runSuitesSequentially(TestNG.java:1224)
  org.testng.TestNG.runSuitesLocally(TestNG.java:1149)
  org.testng.TestNG.run(TestNG.java:1057)
  org.testng.remote.RemoteTestNG.run(RemoteTestNG.java:111)
  org.testng.remote.RemoteTestNG.initAndRun(RemoteTestNG.java:204)
  org.testng.remote.RemoteTestNG.main(RemoteTestNG.java:175)
Caused by: org.openqa.selenium.NoSuchElementException: no such element
  (Session info: chrome=41.0.2272.89)
  (Driver info: chromedriver=2.14.313457 (3d645c400edf2e2c500566c9aa096063e707c9cf),platform=Windows NT 6.3 x86_64) (WARNING: The server did not provide any stacktrace information)
Command duration or timeout: 30.02 seconds
For documentation on this error, please visit: http://seleniumhq.org/exceptions/no_such_element.html
Build info: version: '2.45.0', revision: '5017cb8', time: '2015-02-27 00:00:10'
System info: host: 'Gyuri', ip: '192.168.21.50', os.name: 'Windows 8.1', os.arch: 'amd64', os.version: '6.3', java.version: '1.8.0_25'
Driver info: org.openqa.selenium.chrome.ChromeDriver
Capabilities [{applicationCacheEnabled=false, rotatable=false, mobileEmulationEnabled=false, chrome={userDataDir=C:\Users\IGEORG~1\AppData\Local\Temp\scoped_dir3600_4895}, takesHeapSnapshot=true, databaseEnabled=false, handlesAlerts=true, version=41.0.2272.89, platform=WIN8_1, browserConnectionEnabled=false, nativeEvents=true, acceptSslCerts=true, locationContextEnabled=true, webStorageEnabled=true, browserName=chrome, takesScreenshot=true, javascriptEnabled=true, cssSelectorsEnabled=true}]
Session ID: 87c93fca94995fea16eb6b5c97a57bd9
*** Element info: {Using=id, value=play-button-07572899-1f5a-4f4e-9204-2fcc63a82775}
  sun.reflect.NativeConstructorAccessorImpl.newInstance0(Native Method)
  sun.reflect.NativeConstructorAccessorImpl.newInstance(NativeConstructorAccessorImpl.java:62)
  sun.reflect.DelegatingConstructorAccessorImpl.newInstance(DelegatingConstructorAccessorImpl.java:45)
  java.lang.reflect.Constructor.newInstance(Constructor.java:408)
  org.openqa.selenium.remote.ErrorHandler.createThrowable(ErrorHandler.java:204)
  org.openqa.selenium.remote.ErrorHandler.throwIfResponseFailed(ErrorHandler.java:156)
  org.openqa.selenium.remote.RemoteWebDriver.execute(RemoteWebDriver.java:599)
  org.openqa.selenium.remote.RemoteWebDriver.findElement(RemoteWebDriver.java:352)
  org.openqa.selenium.remote.RemoteWebDriver.findElementById(RemoteWebDriver.java:393)
  org.openqa.selenium.By$ById.findElement(By.java:214)
  org.openqa.selenium.remote.RemoteWebDriver.findElement(RemoteWebDriver.java:344)
  sun.reflect.GeneratedMethodAccessor5.invoke(Unknown Source)
  sun.reflect.DelegatingMethodAccessorImpl.invoke(DelegatingMethodAccessorImpl.java:43)
  java.lang.reflect.Method.invoke(Method.java:483)
  org.openqa.selenium.support.events.EventFiringWebDriver$2.invoke(EventFiringWebDriver.java:101)
  com.sun.proxy.$Proxy10.findElement(Unknown Source)
  org.openqa.selenium.support.events.EventFiringWebDriver.findElement(EventFiringWebDriver.java:184)
  sun.reflect.GeneratedMethodAccessor5.invoke(Unknown Source)
  sun.reflect.DelegatingMethodAccessorImpl.invoke(DelegatingMethodAccessorImpl.java:43)
  java.lang.reflect.Method.invoke(Method.java:483)
  org.openqa.selenium.support.events.EventFiringWebDriver$2.invoke(EventFiringWebDriver.java:101)
  com.sun.proxy.$Proxy11.findElement(Unknown Source)
  org.openqa.selenium.support.events.EventFiringWebDriver.findElement(EventFiringWebDriver.java:184)
  main.WebElements.<clinit>(WebElements.java:63)
  main.TestBase.playContents(TestBase.java:477)
  pageObjects.SelectMovieGroups.actionGroups(SelectMovieGroups.java:139)
  test.java.TestHboSignIn.testListActionGroupContents(TestHboSignIn.java:89)
  sun.reflect.NativeMethodAccessorImpl.invoke0(Native Method)
  sun.reflect.NativeMethodAccessorImpl.invoke(NativeMethodAccessorImpl.java:62)
  sun.reflect.DelegatingMethodAccessorImpl.invoke(DelegatingMethodAccessorImpl.java:43)
  java.lang.reflect.Method.invoke(Method.java:483)
  org.testng.internal.MethodInvocationHelper.invokeMethod(MethodInvocationHelper.java:84)
  org.testng.internal.Invoker.invokeMethod(Invoker.java:714)
  org.testng.internal.Invoker.invokeTestMethod(Invoker.java:901)
  org.testng.internal.Invoker.invokeTestMethods(Invoker.java:1231)
  org.testng.internal.TestMethodWorker.invokeTestMethods(TestMethodWorker.java:127)
  org.testng.internal.TestMethodWorker.run(TestMethodWorker.java:111)
  org.testng.TestRunner.privateRun(TestRunner.java:767)
  org.testng.TestRunner.run(TestRunner.java:617)
  org.testng.SuiteRunner.runTest(SuiteRunner.java:334)
  org.testng.SuiteRunner.runSequentially(SuiteRunner.java:329)
  org.testng.SuiteRunner.privateRun(SuiteRunner.java:291)
  org.testng.SuiteRunner.run(SuiteRunner.java:240)
  org.testng.SuiteRunnerWorker.runSuite(SuiteRunnerWorker.java:52)
  org.testng.SuiteRunnerWorker.run(SuiteRunnerWorker.java:86)
  org.testng.TestNG.runSuitesSequentially(TestNG.java:1224)
  org.testng.TestNG.runSuitesLocally(TestNG.java:1149)
  org.testng.TestNG.run(TestNG.java:1057)
  org.testng.remote.RemoteTestNG.run(RemoteTestNG.java:111)
  org.testng.remote.RemoteTestNG.initAndRun(RemoteTestNG.java:204)
  org.testng.remote.RemoteTestNG.main(RemoteTestNG.java:175)
]]>
      </failure>

          </testcase>
  
  
  
</testsuite>
