<?xml version="1.0" encoding="UTF-8"?>
<testsuite name="Default test"
           tests="271"
           failures="0"
           errors="0"
           skipped="0"
           time="0,482">
  <properties />
  
  
            <testcase name="testDataProvider" time="0,000" classname="test.java.TestDataSample" />
                <testcase name="testDataProvider" time="0,010" classname="test.java.TestDataSample" />
                <testcase name="testDataProvider" time="0,000" classname="test.java.TestDataSample" />
                <testcase name="testDataProvider" time="0,001" classname="test.java.TestDataSample" />
                <testcase name="testDataProvider" time="0,000" classname="test.java.TestDataSample" />
                <testcase name="testDataProvider" time="0,000" classname="test.java.TestDataSample" />
                <testcase name="testDataProvider" time="0,000" classname="test.java.TestDataSample" />
                <testcase name="testDataProvider" time="0,000" classname="test.java.TestDataSample" />
                <testcase name="testDataProvider" time="0,000" classname="test.java.TestDataSample" />
                <testcase name="testDataProvider" time="0,001" classname="test.java.TestDataSample" />
                <testcase name="testDataProvider" time="0,000" classname="test.java.TestDataSample" />
                <testcase name="testDataProvider" time="0,001" classname="test.java.TestDataSample" />
                <testcase name="testDataProvider" time="0,151" classname="test.java.TestDataSample" />
                <testcase name="testDataProvider" time="0,000" classname="test.java.TestDataSample" />
                <testcase name="testDataProvider" time="0,000" classname="test.java.TestDataSample" />
                <testcase name="testDataProvider" time="0,001" classname="test.java.TestDataSample" />
                <testcase name="testDataProvider" time="0,000" classname="test.java.TestDataSample" />
                <testcase name="testDataProvider" time="0,000" classname="test.java.TestDataSample" />
                <testcase name="testDataProvider" time="0,001" classname="test.java.TestDataSample" />
                <testcase name="testDataProvider" time="0,000" classname="test.java.TestDataSample" />
                <testcase name="testDataProvider" time="0,000" classname="test.java.TestDataSample" />
                <testcase name="testDataProvider" time="0,001" classname="test.java.TestDataSample" />
                <testcase name="testDataProvider" time="0,000" classname="test.java.TestDataSample" />
                <testcase name="testDataProvider" time="0,000" classname="test.java.TestDataSample" />
                <testcase name="testDataProvider" time="0,005" classname="test.java.TestDataSample" />
                <testcase name="testDataProvider" time="0,001" classname="test.java.TestDataSample" />
                <testcase name="testDataProvider" time="0,003" classname="test.java.TestDataSample" />
                <testcase name="testDataProvider" time="0,002" classname="test.java.TestDataSample" />
                <testcase name="testDataProvider" time="0,000" classname="test.java.TestDataSample" />
                <testcase name="testDataProvider" time="0,001" classname="test.java.TestDataSample" />
                <testcase name="testDataProvider" time="0,002" classname="test.java.TestDataSample" />
                <testcase name="testDataProvider" time="0,004" classname="test.java.TestDataSample" />
                <testcase name="testDataProvider" time="0,001" classname="test.java.TestDataSample" />
                <testcase name="testDataProvider" time="0,002" classname="test.java.TestDataSample" />
                <testcase name="testDataProvider" time="0,005" classname="test.java.TestDataSample" />
                <testcase name="testDataProvider" time="0,000" classname="test.java.TestDataSample" />
                <testcase name="testDataProvider" time="0,001" classname="test.java.TestDataSample" />
                <testcase name="testDataProvider" time="0,007" classname="test.java.TestDataSample" />
                <testcase name="testDataProvider" time="0,001" classname="test.java.TestDataSample" />
                <testcase name="testDataProvider" time="0,000" classname="test.java.TestDataSample" />
                <testcase name="testDataProvider" time="0,001" classname="test.java.TestDataSample" />
                <testcase name="testDataProvider" time="0,001" classname="test.java.TestDataSample" />
                <testcase name="testDataProvider" time="0,001" classname="test.java.TestDataSample" />
                <testcase name="testDataProvider" time="0,001" classname="test.java.TestDataSample" />
                <testcase name="testDataProvider" time="0,001" classname="test.java.TestDataSample" />
                <testcase name="testDataProvider" time="0,001" classname="test.java.TestDataSample" />
                <testcase name="testDataProvider" time="0,001" classname="test.java.TestDataSample" />
                <testcase name="testDataProvider" time="0,002" classname="test.java.TestDataSample" />
                <testcase name="testDataProvider" time="0,001" classname="test.java.TestDataSample" />
                <testcase name="testDataProvider" time="0,001" classname="test.java.TestDataSample" />
                <testcase name="testDataProvider" time="0,000" classname="test.java.TestDataSample" />
                <testcase name="testDataProvider" time="0,002" classname="test.java.TestDataSample" />
                <testcase name="testDataProvider" time="0,000" classname="test.java.TestDataSample" />
                <testcase name="testDataProvider" time="0,005" classname="test.java.TestDataSample" />
                <testcase name="testDataProvider" time="0,001" classname="test.java.TestDataSample" />
                <testcase name="testDataProvider" time="0,001" classname="test.java.TestDataSample" />
                <testcase name="testDataProvider" time="0,000" classname="test.java.TestDataSample" />
                <testcase name="testDataProvider" time="0,004" classname="test.java.TestDataSample" />
                <testcase name="testDataProvider" time="0,000" classname="test.java.TestDataSample" />
                <testcase name="testDataProvider" time="0,001" classname="test.java.TestDataSample" />
                <testcase name="testDataProvider" time="0,001" classname="test.java.TestDataSample" />
                <testcase name="testDataProvider" time="0,000" classname="test.java.TestDataSample" />
                <testcase name="testDataProvider" time="0,000" classname="test.java.TestDataSample" />
                <testcase name="testDataProvider" time="0,002" classname="test.java.TestDataSample" />
                <testcase name="testDataProvider" time="0,000" classname="test.java.TestDataSample" />
                <testcase name="testDataProvider" time="0,001" classname="test.java.TestDataSample" />
                <testcase name="testDataProvider" time="0,001" classname="test.java.TestDataSample" />
                <testcase name="testDataProvider" time="0,001" classname="test.java.TestDataSample" />
                <testcase name="testDataProvider" time="0,002" classname="test.java.TestDataSample" />
                <testcase name="testDataProvider" time="0,000" classname="test.java.TestDataSample" />
                <testcase name="testDataProvider" time="0,000" classname="test.java.TestDataSample" />
                <testcase name="testDataProvider" time="0,001" classname="test.java.TestDataSample" />
                <testcase name="testDataProvider" time="0,000" classname="test.java.TestDataSample" />
                <testcase name="testDataProvider" time="0,000" classname="test.java.TestDataSample" />
                <testcase name="testDataProvider" time="0,002" classname="test.java.TestDataSample" />
                <testcase name="testDataProvider" time="0,000" classname="test.java.TestDataSample" />
                <testcase name="testDataProvider" time="0,006" classname="test.java.TestDataSample" />
                <testcase name="testDataProvider" time="0,001" classname="test.java.TestDataSample" />
                <testcase name="testDataProvider" time="0,001" classname="test.java.TestDataSample" />
                <testcase name="testDataProvider" time="0,001" classname="test.java.TestDataSample" />
                <testcase name="testDataProvider" time="0,000" classname="test.java.TestDataSample" />
                <testcase name="testDataProvider" time="0,001" classname="test.java.TestDataSample" />
                <testcase name="testDataProvider" time="0,001" classname="test.java.TestDataSample" />
                <testcase name="testDataProvider" time="0,001" classname="test.java.TestDataSample" />
                <testcase name="testDataProvider" time="0,001" classname="test.java.TestDataSample" />
                <testcase name="testDataProvider" time="0,000" classname="test.java.TestDataSample" />
                <testcase name="testDataProvider" time="0,001" classname="test.java.TestDataSample" />
                <testcase name="testDataProvider" time="0,001" classname="test.java.TestDataSample" />
                <testcase name="testDataProvider" time="0,000" classname="test.java.TestDataSample" />
                <testcase name="testDataProvider" time="0,001" classname="test.java.TestDataSample" />
                <testcase name="testDataProvider" time="0,001" classname="test.java.TestDataSample" />
                <testcase name="testDataProvider" time="0,000" classname="test.java.TestDataSample" />
                <testcase name="testDataProvider" time="0,001" classname="test.java.TestDataSample" />
                <testcase name="testDataProvider" time="0,000" classname="test.java.TestDataSample" />
                <testcase name="testDataProvider" time="0,001" classname="test.java.TestDataSample" />
                <testcase name="testDataProvider" time="0,004" classname="test.java.TestDataSample" />
                <testcase name="testDataProvider" time="0,000" classname="test.java.TestDataSample" />
                <testcase name="testDataProvider" time="0,001" classname="test.java.TestDataSample" />
                <testcase name="testDataProvider" time="0,000" classname="test.java.TestDataSample" />
                <testcase name="testDataProvider" time="0,000" classname="test.java.TestDataSample" />
                <testcase name="testDataProvider" time="0,001" classname="test.java.TestDataSample" />
                <testcase name="testDataProvider" time="0,000" classname="test.java.TestDataSample" />
                <testcase name="testDataProvider" time="0,005" classname="test.java.TestDataSample" />
                <testcase name="testDataProvider" time="0,001" classname="test.java.TestDataSample" />
                <testcase name="testDataProvider" time="0,000" classname="test.java.TestDataSample" />
                <testcase name="testDataProvider" time="0,001" classname="test.java.TestDataSample" />
                <testcase name="testDataProvider" time="0,001" classname="test.java.TestDataSample" />
                <testcase name="testDataProvider" time="0,000" classname="test.java.TestDataSample" />
                <testcase name="testDataProvider" time="0,002" classname="test.java.TestDataSample" />
                <testcase name="testDataProvider" time="0,000" classname="test.java.TestDataSample" />
                <testcase name="testDataProvider" time="0,001" classname="test.java.TestDataSample" />
                <testcase name="testDataProvider" time="0,000" classname="test.java.TestDataSample" />
                <testcase name="testDataProvider" time="0,004" classname="test.java.TestDataSample" />
                <testcase name="testDataProvider" time="0,000" classname="test.java.TestDataSample" />
                <testcase name="testDataProvider" time="0,001" classname="test.java.TestDataSample" />
                <testcase name="testDataProvider" time="0,000" classname="test.java.TestDataSample" />
                <testcase name="testDataProvider" time="0,001" classname="test.java.TestDataSample" />
                <testcase name="testDataProvider" time="0,000" classname="test.java.TestDataSample" />
                <testcase name="testDataProvider" time="0,000" classname="test.java.TestDataSample" />
                <testcase name="testDataProvider" time="0,044" classname="test.java.TestDataSample" />
                <testcase name="testDataProvider" time="0,000" classname="test.java.TestDataSample" />
                <testcase name="testDataProvider" time="0,001" classname="test.java.TestDataSample" />
                <testcase name="testDataProvider" time="0,000" classname="test.java.TestDataSample" />
                <testcase name="testDataProvider" time="0,000" classname="test.java.TestDataSample" />
                <testcase name="testDataProvider" time="0,001" classname="test.java.TestDataSample" />
                <testcase name="testDataProvider" time="0,001" classname="test.java.TestDataSample" />
                <testcase name="testDataProvider" time="0,001" classname="test.java.TestDataSample" />
                <testcase name="testDataProvider" time="0,001" classname="test.java.TestDataSample" />
                <testcase name="testDataProvider" time="0,000" classname="test.java.TestDataSample" />
                <testcase name="testDataProvider" time="0,000" classname="test.java.TestDataSample" />
                <testcase name="testDataProvider" time="0,007" classname="test.java.TestDataSample" />
                <testcase name="testDataProvider" time="0,001" classname="test.java.TestDataSample" />
                <testcase name="testDataProvider" time="0,001" classname="test.java.TestDataSample" />
                <testcase name="testDataProvider" time="0,000" classname="test.java.TestDataSample" />
                <testcase name="testDataProvider" time="0,001" classname="test.java.TestDataSample" />
                <testcase name="testDataProvider" time="0,000" classname="test.java.TestDataSample" />
                <testcase name="testDataProvider" time="0,000" classname="test.java.TestDataSample" />
                <testcase name="testDataProvider" time="0,000" classname="test.java.TestDataSample" />
                <testcase name="testDataProvider" time="0,000" classname="test.java.TestDataSample" />
                <testcase name="testDataProvider" time="0,000" classname="test.java.TestDataSample" />
                <testcase name="testDataProvider" time="0,004" classname="test.java.TestDataSample" />
                <testcase name="testDataProvider" time="0,000" classname="test.java.TestDataSample" />
                <testcase name="testDataProvider" time="0,000" classname="test.java.TestDataSample" />
                <testcase name="testDataProvider" time="0,000" classname="test.java.TestDataSample" />
                <testcase name="testDataProvider" time="0,001" classname="test.java.TestDataSample" />
                <testcase name="testDataProvider" time="0,003" classname="test.java.TestDataSample" />
                <testcase name="testDataProvider" time="0,001" classname="test.java.TestDataSample" />
                <testcase name="testDataProvider" time="0,000" classname="test.java.TestDataSample" />
                <testcase name="testDataProvider" time="0,001" classname="test.java.TestDataSample" />
                <testcase name="testDataProvider" time="0,001" classname="test.java.TestDataSample" />
                <testcase name="testDataProvider" time="0,000" classname="test.java.TestDataSample" />
                <testcase name="testDataProvider" time="0,001" classname="test.java.TestDataSample" />
                <testcase name="testDataProvider" time="0,021" classname="test.java.TestDataSample" />
                <testcase name="testDataProvider" time="0,001" classname="test.java.TestDataSample" />
                <testcase name="testDataProvider" time="0,002" classname="test.java.TestDataSample" />
                <testcase name="testDataProvider" time="0,000" classname="test.java.TestDataSample" />
                <testcase name="testDataProvider" time="0,001" classname="test.java.TestDataSample" />
                <testcase name="testDataProvider" time="0,000" classname="test.java.TestDataSample" />
                <testcase name="testDataProvider" time="0,002" classname="test.java.TestDataSample" />
                <testcase name="testDataProvider" time="0,000" classname="test.java.TestDataSample" />
                <testcase name="testDataProvider" time="0,001" classname="test.java.TestDataSample" />
                <testcase name="testDataProvider" time="0,001" classname="test.java.TestDataSample" />
                <testcase name="testDataProvider" time="0,000" classname="test.java.TestDataSample" />
                <testcase name="testDataProvider" time="0,000" classname="test.java.TestDataSample" />
                <testcase name="testDataProvider" time="0,001" classname="test.java.TestDataSample" />
                <testcase name="testDataProvider" time="0,001" classname="test.java.TestDataSample" />
                <testcase name="testDataProvider" time="0,001" classname="test.java.TestDataSample" />
                <testcase name="testDataProvider" time="0,001" classname="test.java.TestDataSample" />
                <testcase name="testDataProvider" time="0,004" classname="test.java.TestDataSample" />
                <testcase name="testDataProvider" time="0,005" classname="test.java.TestDataSample" />
                <testcase name="testDataProvider" time="0,000" classname="test.java.TestDataSample" />
                <testcase name="testDataProvider" time="0,000" classname="test.java.TestDataSample" />
                <testcase name="testDataProvider" time="0,001" classname="test.java.TestDataSample" />
                <testcase name="testDataProvider" time="0,001" classname="test.java.TestDataSample" />
                <testcase name="testDataProvider" time="0,001" classname="test.java.TestDataSample" />
                <testcase name="testDataProvider" time="0,000" classname="test.java.TestDataSample" />
                <testcase name="testDataProvider" time="0,000" classname="test.java.TestDataSample" />
                <testcase name="testDataProvider" time="0,000" classname="test.java.TestDataSample" />
                <testcase name="testDataProvider" time="0,001" classname="test.java.TestDataSample" />
                <testcase name="testDataProvider" time="0,001" classname="test.java.TestDataSample" />
                <testcase name="testDataProvider" time="0,001" classname="test.java.TestDataSample" />
                <testcase name="testDataProvider" time="0,000" classname="test.java.TestDataSample" />
                <testcase name="testDataProvider" time="0,003" classname="test.java.TestDataSample" />
                <testcase name="testDataProvider" time="0,000" classname="test.java.TestDataSample" />
                <testcase name="testDataProvider" time="0,001" classname="test.java.TestDataSample" />
                <testcase name="testDataProvider" time="0,001" classname="test.java.TestDataSample" />
                <testcase name="testDataProvider" time="0,000" classname="test.java.TestDataSample" />
                <testcase name="testDataProvider" time="0,001" classname="test.java.TestDataSample" />
                <testcase name="testDataProvider" time="0,005" classname="test.java.TestDataSample" />
                <testcase name="testDataProvider" time="0,000" classname="test.java.TestDataSample" />
                <testcase name="testDataProvider" time="0,001" classname="test.java.TestDataSample" />
                <testcase name="testDataProvider" time="0,000" classname="test.java.TestDataSample" />
                <testcase name="testDataProvider" time="0,000" classname="test.java.TestDataSample" />
                <testcase name="testDataProvider" time="0,001" classname="test.java.TestDataSample" />
                <testcase name="testDataProvider" time="0,000" classname="test.java.TestDataSample" />
                <testcase name="testDataProvider" time="0,001" classname="test.java.TestDataSample" />
                <testcase name="testDataProvider" time="0,000" classname="test.java.TestDataSample" />
                <testcase name="testDataProvider" time="0,000" classname="test.java.TestDataSample" />
                <testcase name="testDataProvider" time="0,000" classname="test.java.TestDataSample" />
                <testcase name="testDataProvider" time="0,003" classname="test.java.TestDataSample" />
                <testcase name="testDataProvider" time="0,001" classname="test.java.TestDataSample" />
                <testcase name="testDataProvider" time="0,001" classname="test.java.TestDataSample" />
                <testcase name="testDataProvider" time="0,000" classname="test.java.TestDataSample" />
                <testcase name="testDataProvider" time="0,000" classname="test.java.TestDataSample" />
                <testcase name="testDataProvider" time="0,020" classname="test.java.TestDataSample" />
                <testcase name="testDataProvider" time="0,000" classname="test.java.TestDataSample" />
                <testcase name="testDataProvider" time="0,001" classname="test.java.TestDataSample" />
                <testcase name="testDataProvider" time="0,000" classname="test.java.TestDataSample" />
                <testcase name="testDataProvider" time="0,000" classname="test.java.TestDataSample" />
                <testcase name="testDataProvider" time="0,001" classname="test.java.TestDataSample" />
                <testcase name="testDataProvider" time="0,001" classname="test.java.TestDataSample" />
                <testcase name="testDataProvider" time="0,000" classname="test.java.TestDataSample" />
                <testcase name="testDataProvider" time="0,000" classname="test.java.TestDataSample" />
                <testcase name="testDataProvider" time="0,001" classname="test.java.TestDataSample" />
                <testcase name="testDataProvider" time="0,000" classname="test.java.TestDataSample" />
                <testcase name="testDataProvider" time="0,000" classname="test.java.TestDataSample" />
                <testcase name="testDataProvider" time="0,000" classname="test.java.TestDataSample" />
                <testcase name="testDataProvider" time="0,000" classname="test.java.TestDataSample" />
                <testcase name="testDataProvider" time="0,001" classname="test.java.TestDataSample" />
                <testcase name="testDataProvider" time="0,000" classname="test.java.TestDataSample" />
                <testcase name="testDataProvider" time="0,000" classname="test.java.TestDataSample" />
                <testcase name="testDataProvider" time="0,000" classname="test.java.TestDataSample" />
                <testcase name="testDataProvider" time="0,000" classname="test.java.TestDataSample" />
                <testcase name="testDataProvider" time="0,001" classname="test.java.TestDataSample" />
                <testcase name="testDataProvider" time="0,001" classname="test.java.TestDataSample" />
                <testcase name="testDataProvider" time="0,000" classname="test.java.TestDataSample" />
                <testcase name="testDataProvider" time="0,001" classname="test.java.TestDataSample" />
                <testcase name="testDataProvider" time="0,000" classname="test.java.TestDataSample" />
                <testcase name="testDataProvider" time="0,001" classname="test.java.TestDataSample" />
                <testcase name="testDataProvider" time="0,000" classname="test.java.TestDataSample" />
                <testcase name="testDataProvider" time="0,001" classname="test.java.TestDataSample" />
                <testcase name="testDataProvider" time="0,000" classname="test.java.TestDataSample" />
                <testcase name="testDataProvider" time="0,001" classname="test.java.TestDataSample" />
                <testcase name="testDataProvider" time="0,001" classname="test.java.TestDataSample" />
                <testcase name="testDataProvider" time="0,001" classname="test.java.TestDataSample" />
                <testcase name="testDataProvider" time="0,002" classname="test.java.TestDataSample" />
                <testcase name="testDataProvider" time="0,001" classname="test.java.TestDataSample" />
                <testcase name="testDataProvider" time="0,001" classname="test.java.TestDataSample" />
                <testcase name="testDataProvider" time="0,000" classname="test.java.TestDataSample" />
                <testcase name="testDataProvider" time="0,000" classname="test.java.TestDataSample" />
                <testcase name="testDataProvider" time="0,003" classname="test.java.TestDataSample" />
                <testcase name="testDataProvider" time="0,001" classname="test.java.TestDataSample" />
                <testcase name="testDataProvider" time="0,000" classname="test.java.TestDataSample" />
                <testcase name="testDataProvider" time="0,001" classname="test.java.TestDataSample" />
                <testcase name="testDataProvider" time="0,002" classname="test.java.TestDataSample" />
                <testcase name="testDataProvider" time="0,000" classname="test.java.TestDataSample" />
                <testcase name="testDataProvider" time="0,001" classname="test.java.TestDataSample" />
                <testcase name="testDataProvider" time="0,000" classname="test.java.TestDataSample" />
                <testcase name="testDataProvider" time="0,001" classname="test.java.TestDataSample" />
                <testcase name="testDataProvider" time="0,000" classname="test.java.TestDataSample" />
                <testcase name="testDataProvider" time="0,001" classname="test.java.TestDataSample" />
                <testcase name="testDataProvider" time="0,001" classname="test.java.TestDataSample" />
                <testcase name="testDataProvider" time="0,000" classname="test.java.TestDataSample" />
                <testcase name="testDataProvider" time="0,001" classname="test.java.TestDataSample" />
                <testcase name="testDataProvider" time="0,000" classname="test.java.TestDataSample" />
                <testcase name="testDataProvider" time="0,002" classname="test.java.TestDataSample" />
                <testcase name="testDataProvider" time="0,000" classname="test.java.TestDataSample" />
                <testcase name="testDataProvider" time="0,006" classname="test.java.TestDataSample" />
                <testcase name="testDataProvider" time="0,000" classname="test.java.TestDataSample" />
                <testcase name="testDataProvider" time="0,001" classname="test.java.TestDataSample" />
                <testcase name="testDataProvider" time="0,000" classname="test.java.TestDataSample" />
                <testcase name="testDataProvider" time="0,000" classname="test.java.TestDataSample" />
                <testcase name="testDataProvider" time="0,000" classname="test.java.TestDataSample" />
                <testcase name="testDataProvider" time="0,001" classname="test.java.TestDataSample" />
                <testcase name="testDataProvider" time="0,001" classname="test.java.TestDataSample" />
                <testcase name="testDataProvider" time="0,003" classname="test.java.TestDataSample" />
                <testcase name="testDataProvider" time="0,000" classname="test.java.TestDataSample" />
                <testcase name="testDataProvider" time="0,000" classname="test.java.TestDataSample" />
                <testcase name="testDataProvider" time="0,000" classname="test.java.TestDataSample" />
                <testcase name="testDataProvider" time="0,000" classname="test.java.TestDataSample" />
                <testcase name="testDataProvider" time="0,001" classname="test.java.TestDataSample" />
      
</testsuite>
