<?xml version="1.0" encoding="UTF-8"?>
<testsuite name="Test on Internet Explorer"
           tests="17"
           failures="1"
           errors="0"
           skipped="16"
           time="0,204">
  <properties />
            <testcase name="setUp" time="0,000" classname="test.java.TestSearchEngines">
                <failure type="java.lang.AssertionError"
                  message="expected [true] but found [false]"
              >
<![CDATA[java.lang.AssertionError: expected [true] but found [false]
  org.testng.Assert.fail(Assert.java:94)
  org.testng.Assert.failNotEquals(Assert.java:494)
  org.testng.Assert.assertTrue(Assert.java:42)
  org.testng.Assert.assertTrue(Assert.java:52)
  main.TestBase.assertTrue(TestBase.java:77)
  main.WebDriverManager.startDriver(WebDriverManager.java:109)
  test.java.TestSearchEngines.setUp(TestSearchEngines.java:36)
  sun.reflect.NativeMethodAccessorImpl.invoke0(Native Method)
  sun.reflect.NativeMethodAccessorImpl.invoke(NativeMethodAccessorImpl.java:62)
  sun.reflect.DelegatingMethodAccessorImpl.invoke(DelegatingMethodAccessorImpl.java:43)
  java.lang.reflect.Method.invoke(Method.java:483)
  org.testng.internal.MethodInvocationHelper.invokeMethod(MethodInvocationHelper.java:84)
  org.testng.internal.Invoker.invokeConfigurationMethod(Invoker.java:564)
  org.testng.internal.Invoker.invokeConfigurations(Invoker.java:213)
  org.testng.internal.Invoker.invokeConfigurations(Invoker.java:138)
  org.testng.internal.TestMethodWorker.invokeBeforeClassMethods(TestMethodWorker.java:175)
  org.testng.internal.TestMethodWorker.run(TestMethodWorker.java:107)
  org.testng.TestRunner.privateRun(TestRunner.java:767)
  org.testng.TestRunner.run(TestRunner.java:617)
  org.testng.SuiteRunner.runTest(SuiteRunner.java:334)
  org.testng.SuiteRunner.runSequentially(SuiteRunner.java:329)
  org.testng.SuiteRunner.privateRun(SuiteRunner.java:291)
  org.testng.SuiteRunner.run(SuiteRunner.java:240)
  org.testng.SuiteRunnerWorker.runSuite(SuiteRunnerWorker.java:52)
  org.testng.SuiteRunnerWorker.run(SuiteRunnerWorker.java:86)
  org.testng.TestNG.runSuitesSequentially(TestNG.java:1224)
  org.testng.TestNG.runSuitesLocally(TestNG.java:1149)
  org.testng.TestNG.run(TestNG.java:1057)
  org.testng.remote.RemoteTestNG.run(RemoteTestNG.java:111)
  org.testng.remote.RemoteTestNG.initAndRun(RemoteTestNG.java:204)
  org.testng.remote.RemoteTestNG.main(RemoteTestNG.java:175)
]]>
      </failure>

          </testcase>
  
            <testcase name="Yahoo" time="0.0" classname="test.java.TestSearchEngines">
          <skipped />
    </testcase>
            <testcase name="Yahoo" time="0.0" classname="test.java.TestSearchEngines">
          <skipped />
    </testcase>
            <testcase name="Yahoo" time="0.0" classname="test.java.TestSearchEngines">
          <skipped />
    </testcase>
            <testcase name="Yahoo" time="0.0" classname="test.java.TestSearchEngines">
          <skipped />
    </testcase>
            <testcase name="Yahoo" time="0.0" classname="test.java.TestSearchEngines">
          <skipped />
    </testcase>
            <testcase name="Yahoo" time="0.0" classname="test.java.TestSearchEngines">
          <skipped />
    </testcase>
            <testcase name="Yahoo" time="0.0" classname="test.java.TestSearchEngines">
          <skipped />
    </testcase>
            <testcase name="Yahoo" time="0.0" classname="test.java.TestSearchEngines">
          <skipped />
    </testcase>
            <testcase name="Yahoo" time="0.0" classname="test.java.TestSearchEngines">
          <skipped />
    </testcase>
            <testcase name="Yahoo" time="0.0" classname="test.java.TestSearchEngines">
          <skipped />
    </testcase>
            <testcase name="Yahoo" time="0.0" classname="test.java.TestSearchEngines">
          <skipped />
    </testcase>
            <testcase name="Yahoo" time="0.0" classname="test.java.TestSearchEngines">
          <skipped />
    </testcase>
            <testcase name="Yahoo" time="0.0" classname="test.java.TestSearchEngines">
          <skipped />
    </testcase>
            <testcase name="Yahoo" time="0.0" classname="test.java.TestSearchEngines">
          <skipped />
    </testcase>
            <testcase name="Yahoo" time="0.0" classname="test.java.TestSearchEngines">
          <skipped />
    </testcase>
            <testcase name="Yahoo" time="0.0" classname="test.java.TestSearchEngines">
          <skipped />
    </testcase>
  
  
</testsuite>
