<?xml version="1.0" encoding="UTF-8"?>
<testsuite name="Default test"
           tests="3"
           failures="0"
           errors="0"
           skipped="0"
           time="0,109">
  <properties />
  
  
            <testcase name="testSalutationMessage" time="0,002" classname="utils.GroupTestExample" />
                <testcase name="testPrintMessage" time="0,105" classname="utils.GroupTestExample" />
                <testcase name="testingExitMessage" time="0,002" classname="utils.GroupTestExample" />
      
</testsuite>
