<?xml version="1.0" encoding="UTF-8"?>
<testng-results skipped="2" failed="0" total="3" passed="1">
  <reporter-output>
    <line>
      <![CDATA[Test done | ]]>
    </line>
  </reporter-output>
  <suite name="Test Demo Run" duration-ms="11326" started-at="2015-01-18T15:35:58Z" finished-at="2015-01-18T15:36:09Z">
    <groups>
    </groups>
    <test name="Default test" duration-ms="11326" started-at="2015-01-18T15:35:58Z" finished-at="2015-01-18T15:36:09Z">
      <class name="test.java.TestTest">
        <test-method status="PASS" signature="setUp(org.testng.ITestContext)[pri:0, instance:test.java.TestTest@2c9f9fb0]" name="setUp" is-config="true" duration-ms="8715" started-at="2015-01-18T16:35:58Z" finished-at="2015-01-18T16:36:06Z">
          <params>
            <param index="0">
              <value>
                <![CDATA[org.testng.TestRunner@42b3b079]]>
              </value>
            </param>
          </params>
          <reporter-output>
          </reporter-output>
        </test-method> <!-- setUp -->
        <test-method status="PASS" signature="test1()[pri:0, instance:test.java.TestTest@2c9f9fb0]" name="test1" duration-ms="2575" started-at="2015-01-18T16:36:06Z" finished-at="2015-01-18T16:36:09Z">
          <reporter-output>
            <line>
              <![CDATA[Test done | ]]>
            </line>
          </reporter-output>
        </test-method> <!-- test1 -->
        <test-method status="FAIL" signature="isElementPresent(org.openqa.selenium.By)[pri:0, instance:test.java.TestTest@2c9f9fb0]" name="isElementPresent" is-config="true" duration-ms="0" started-at="2015-01-18T16:36:09Z" finished-at="2015-01-18T16:36:09Z">
          <exception class="org.testng.TestNGException">
            <message>
              <![CDATA[
Method isElementPresent requires 1 parameters but 0 were supplied in the @Configuration annotation.]]>
            </message>
            <full-stacktrace>
              <![CDATA[org.testng.TestNGException: 
Method isElementPresent requires 1 parameters but 0 were supplied in the @Configuration annotation.
	at org.testng.internal.Parameters.checkParameterTypes(Parameters.java:198)
	at org.testng.internal.Parameters.createParameters(Parameters.java:134)
	at org.testng.internal.Parameters.createParameters(Parameters.java:373)
	at org.testng.internal.Parameters.createConfigurationParameters(Parameters.java:86)
	at org.testng.internal.Invoker.invokeConfigurations(Invoker.java:199)
	at org.testng.internal.Invoker.invokeMethod(Invoker.java:786)
	at org.testng.internal.Invoker.invokeTestMethod(Invoker.java:901)
	at org.testng.internal.Invoker.invokeTestMethods(Invoker.java:1231)
	at org.testng.internal.TestMethodWorker.invokeTestMethods(TestMethodWorker.java:127)
	at org.testng.internal.TestMethodWorker.run(TestMethodWorker.java:111)
	at org.testng.TestRunner.privateRun(TestRunner.java:767)
	at org.testng.TestRunner.run(TestRunner.java:617)
	at org.testng.SuiteRunner.runTest(SuiteRunner.java:334)
	at org.testng.SuiteRunner.runSequentially(SuiteRunner.java:329)
	at org.testng.SuiteRunner.privateRun(SuiteRunner.java:291)
	at org.testng.SuiteRunner.run(SuiteRunner.java:240)
	at org.testng.SuiteRunnerWorker.runSuite(SuiteRunnerWorker.java:52)
	at org.testng.SuiteRunnerWorker.run(SuiteRunnerWorker.java:86)
	at org.testng.TestNG.runSuitesSequentially(TestNG.java:1224)
	at org.testng.TestNG.runSuitesLocally(TestNG.java:1149)
	at org.testng.TestNG.run(TestNG.java:1057)
	at org.testng.remote.RemoteTestNG.run(RemoteTestNG.java:111)
	at org.testng.remote.RemoteTestNG.initAndRun(RemoteTestNG.java:204)
	at org.testng.remote.RemoteTestNG.main(RemoteTestNG.java:175)
]]>
            </full-stacktrace>
          </exception> <!-- org.testng.TestNGException -->
          <reporter-output>
          </reporter-output>
        </test-method> <!-- isElementPresent -->
        <test-method status="SKIP" signature="test2()[pri:0, instance:test.java.TestTest@2c9f9fb0]" name="test2" duration-ms="1" started-at="2015-01-18T16:36:09Z" finished-at="2015-01-18T16:36:09Z">
          <reporter-output>
          </reporter-output>
        </test-method> <!-- test2 -->
        <test-method status="SKIP" signature="isElementPresent(org.openqa.selenium.By)[pri:0, instance:test.java.TestTest@2c9f9fb0]" name="isElementPresent" is-config="true" duration-ms="0" started-at="2015-01-18T16:36:09Z" finished-at="2015-01-18T16:36:09Z">
          <reporter-output>
          </reporter-output>
        </test-method> <!-- isElementPresent -->
        <test-method status="SKIP" signature="testHbogoWebdriverTest1()[pri:0, instance:test.java.TestTest@2c9f9fb0]" name="testHbogoWebdriverTest1" duration-ms="1" started-at="2015-01-18T16:36:09Z" finished-at="2015-01-18T16:36:09Z">
          <reporter-output>
          </reporter-output>
        </test-method> <!-- testHbogoWebdriverTest1 -->
        <test-method status="SKIP" signature="isElementPresent(org.openqa.selenium.By)[pri:0, instance:test.java.TestTest@2c9f9fb0]" name="isElementPresent" is-config="true" duration-ms="0" started-at="2015-01-18T16:36:09Z" finished-at="2015-01-18T16:36:09Z">
          <reporter-output>
          </reporter-output>
        </test-method> <!-- isElementPresent -->
      </class> <!-- test.java.TestTest -->
    </test> <!-- Default test -->
  </suite> <!-- Test Demo Run -->
</testng-results>
