<?xml version="1.0" encoding="UTF-8"?>
<testng-results skipped="0" failed="1" total="2" passed="1">
  <reporter-output>
    <line>
      <![CDATA[Test done | ]]>
    </line>
  </reporter-output>
  <suite name="Default suite" duration-ms="31917" started-at="2015-01-15T00:01:33Z" finished-at="2015-01-15T00:02:05Z">
    <groups>
    </groups>
    <test name="Default test" duration-ms="31917" started-at="2015-01-15T00:01:33Z" finished-at="2015-01-15T00:02:05Z">
      <class name="test.java.TestTest">
        <test-method status="PASS" signature="setUp()[pri:0, instance:test.java.TestTest@3bff5976]" name="setUp" is-config="true" duration-ms="15697" started-at="2015-01-15T01:01:33Z" finished-at="2015-01-15T01:01:49Z">
          <reporter-output>
          </reporter-output>
        </test-method> <!-- setUp -->
        <test-method status="PASS" signature="test1()[pri:0, instance:test.java.TestTest@3bff5976]" name="test1" duration-ms="4668" started-at="2015-01-15T01:01:49Z" finished-at="2015-01-15T01:01:54Z">
          <reporter-output>
            <line>
              <![CDATA[Test done | ]]>
            </line>
          </reporter-output>
        </test-method> <!-- test1 -->
        <test-method status="PASS" signature="tearDown()[pri:0, instance:test.java.TestTest@3bff5976]" name="tearDown" is-config="true" duration-ms="1" started-at="2015-01-15T01:01:54Z" finished-at="2015-01-15T01:01:54Z">
          <reporter-output>
          </reporter-output>
        </test-method> <!-- tearDown -->
        <test-method status="PASS" signature="setUp()[pri:0, instance:test.java.TestTest@3bff5976]" name="setUp" is-config="true" duration-ms="4132" started-at="2015-01-15T01:01:54Z" finished-at="2015-01-15T01:01:58Z">
          <reporter-output>
          </reporter-output>
        </test-method> <!-- setUp -->
        <test-method status="FAIL" signature="test2()[pri:0, instance:test.java.TestTest@3bff5976]" name="test2" duration-ms="7017" started-at="2015-01-15T01:01:58Z" finished-at="2015-01-15T01:02:05Z">
          <exception class="org.junit.ComparisonFailure">
            <message>
              <![CDATA[Expected page title not found expected:<[Google]> but was:<[Yahoo Rom?nia]>]]>
            </message>
            <full-stacktrace>
              <![CDATA[org.junit.ComparisonFailure: Expected page title not found expected:<[Google]> but was:<[Yahoo Rom?nia]>
	at org.junit.Assert.assertEquals(Assert.java:115)
	at test.java.TestTest.test2(TestTest.java:99)
	at sun.reflect.NativeMethodAccessorImpl.invoke0(Native Method)
	at sun.reflect.NativeMethodAccessorImpl.invoke(NativeMethodAccessorImpl.java:57)
	at sun.reflect.DelegatingMethodAccessorImpl.invoke(DelegatingMethodAccessorImpl.java:43)
	at java.lang.reflect.Method.invoke(Method.java:606)
	at org.testng.internal.MethodInvocationHelper.invokeMethod(MethodInvocationHelper.java:84)
	at org.testng.internal.Invoker.invokeMethod(Invoker.java:714)
	at org.testng.internal.Invoker.invokeTestMethod(Invoker.java:901)
	at org.testng.internal.Invoker.invokeTestMethods(Invoker.java:1231)
	at org.testng.internal.TestMethodWorker.invokeTestMethods(TestMethodWorker.java:127)
	at org.testng.internal.TestMethodWorker.run(TestMethodWorker.java:111)
	at org.testng.TestRunner.privateRun(TestRunner.java:767)
	at org.testng.TestRunner.run(TestRunner.java:617)
	at org.testng.SuiteRunner.runTest(SuiteRunner.java:334)
	at org.testng.SuiteRunner.runSequentially(SuiteRunner.java:329)
	at org.testng.SuiteRunner.privateRun(SuiteRunner.java:291)
	at org.testng.SuiteRunner.run(SuiteRunner.java:240)
	at org.testng.SuiteRunnerWorker.runSuite(SuiteRunnerWorker.java:52)
	at org.testng.SuiteRunnerWorker.run(SuiteRunnerWorker.java:86)
	at org.testng.TestNG.runSuitesSequentially(TestNG.java:1224)
	at org.testng.TestNG.runSuitesLocally(TestNG.java:1149)
	at org.testng.TestNG.run(TestNG.java:1057)
	at org.testng.remote.RemoteTestNG.run(RemoteTestNG.java:111)
	at org.testng.remote.RemoteTestNG.initAndRun(RemoteTestNG.java:204)
	at org.testng.remote.RemoteTestNG.main(RemoteTestNG.java:175)
]]>
            </full-stacktrace>
          </exception> <!-- org.junit.ComparisonFailure -->
          <reporter-output>
          </reporter-output>
        </test-method> <!-- test2 -->
        <test-method status="PASS" signature="tearDown()[pri:0, instance:test.java.TestTest@3bff5976]" name="tearDown" is-config="true" duration-ms="332" started-at="2015-01-15T01:02:05Z" finished-at="2015-01-15T01:02:05Z">
          <reporter-output>
          </reporter-output>
        </test-method> <!-- tearDown -->
      </class> <!-- test.java.TestTest -->
    </test> <!-- Default test -->
  </suite> <!-- Default suite -->
</testng-results>
